01-Feb-2021 08:59:16.569 信息 [main] org.apache.catalina.startup.VersionLoggerListener.log Server.服务器版本: Apache Tomcat/8.5.61
01-Feb-2021 08:59:16.572 信息 [main] org.apache.catalina.startup.VersionLoggerListener.log 服务器构建:        Dec 3 2020 14:03:28 UTC
01-Feb-2021 08:59:16.572 信息 [main] org.apache.catalina.startup.VersionLoggerListener.log 服务器版本号:      8.5.61.0
01-Feb-2021 08:59:16.572 信息 [main] org.apache.catalina.startup.VersionLoggerListener.log 操作系统名称:      Mac OS X
01-Feb-2021 08:59:16.572 信息 [main] org.apache.catalina.startup.VersionLoggerListener.log OS.版本:           10.15.7
01-Feb-2021 08:59:16.572 信息 [main] org.apache.catalina.startup.VersionLoggerListener.log 架构:              x86_64
01-Feb-2021 08:59:16.572 信息 [main] org.apache.catalina.startup.VersionLoggerListener.log Java 环境变量:     /Library/Java/JavaVirtualMachines/jdk1.8.0_261.jdk/Contents/Home/jre
01-Feb-2021 08:59:16.573 信息 [main] org.apache.catalina.startup.VersionLoggerListener.log Java虚拟机版本:    1.8.0_261-b12
01-Feb-2021 08:59:16.573 信息 [main] org.apache.catalina.startup.VersionLoggerListener.log JVM.供应商:        Oracle Corporation
01-Feb-2021 08:59:16.573 信息 [main] org.apache.catalina.startup.VersionLoggerListener.log CATALINA_BASE:     /Users/yichiban/Code/Java/apache-tomcat-8.5.61
01-Feb-2021 08:59:16.573 信息 [main] org.apache.catalina.startup.VersionLoggerListener.log CATALINA_HOME:     /Users/yichiban/Code/Java/apache-tomcat-8.5.61
01-Feb-2021 08:59:16.574 信息 [main] org.apache.catalina.startup.VersionLoggerListener.log 命令行参数：       -Djava.util.logging.config.file=/Users/yichiban/Code/Java/apache-tomcat-8.5.61/conf/logging.properties
01-Feb-2021 08:59:16.574 信息 [main] org.apache.catalina.startup.VersionLoggerListener.log 命令行参数：       -Djava.util.logging.manager=org.apache.juli.ClassLoaderLogManager
01-Feb-2021 08:59:16.574 信息 [main] org.apache.catalina.startup.VersionLoggerListener.log 命令行参数：       -Djdk.tls.ephemeralDHKeySize=2048
01-Feb-2021 08:59:16.574 信息 [main] org.apache.catalina.startup.VersionLoggerListener.log 命令行参数：       -Djava.protocol.handler.pkgs=org.apache.catalina.webresources
01-Feb-2021 08:59:16.574 信息 [main] org.apache.catalina.startup.VersionLoggerListener.log 命令行参数：       -Dorg.apache.catalina.security.SecurityListener.UMASK=0027
01-Feb-2021 08:59:16.574 信息 [main] org.apache.catalina.startup.VersionLoggerListener.log 命令行参数：       -Dignore.endorsed.dirs=
01-Feb-2021 08:59:16.574 信息 [main] org.apache.catalina.startup.VersionLoggerListener.log 命令行参数：       -Dcatalina.base=/Users/yichiban/Code/Java/apache-tomcat-8.5.61
01-Feb-2021 08:59:16.574 信息 [main] org.apache.catalina.startup.VersionLoggerListener.log 命令行参数：       -Dcatalina.home=/Users/yichiban/Code/Java/apache-tomcat-8.5.61
01-Feb-2021 08:59:16.574 信息 [main] org.apache.catalina.startup.VersionLoggerListener.log 命令行参数：       -Djava.io.tmpdir=/Users/yichiban/Code/Java/apache-tomcat-8.5.61/temp
01-Feb-2021 08:59:16.575 信息 [main] org.apache.catalina.core.AprLifecycleListener.lifecycleEvent 在java.library.path:[/Users/yichiban/Library/Java/Extensions:/Library/Java/Extensions:/Network/Library/Java/Extensions:/System/Library/Java/Extensions:/usr/lib/java:.]上找不到基于APR的Apache Tomcat本机库，该库允许在生产环境中获得最佳性能
01-Feb-2021 08:59:16.682 信息 [main] org.apache.coyote.AbstractProtocol.init 初始化协议处理器 ["http-nio-9091"]
01-Feb-2021 08:59:16.694 严重 [main] org.apache.catalina.core.StandardService.initInternal Failed to initialize connector [Connector[HTTP/1.1-9091]]
	org.apache.catalina.LifecycleException: 协议处理程序初始化失败
		at org.apache.catalina.connector.Connector.initInternal(Connector.java:1077)
		at org.apache.catalina.util.LifecycleBase.init(LifecycleBase.java:136)
		at org.apache.catalina.core.StandardService.initInternal(StandardService.java:552)
		at org.apache.catalina.util.LifecycleBase.init(LifecycleBase.java:136)
		at org.apache.catalina.core.StandardServer.initInternal(StandardServer.java:848)
		at org.apache.catalina.util.LifecycleBase.init(LifecycleBase.java:136)
		at org.apache.catalina.startup.Catalina.load(Catalina.java:639)
		at org.apache.catalina.startup.Catalina.load(Catalina.java:662)
		at sun.reflect.NativeMethodAccessorImpl.invoke0(Native Method)
		at sun.reflect.NativeMethodAccessorImpl.invoke(NativeMethodAccessorImpl.java:62)
		at sun.reflect.DelegatingMethodAccessorImpl.invoke(DelegatingMethodAccessorImpl.java:43)
		at java.lang.reflect.Method.invoke(Method.java:498)
		at org.apache.catalina.startup.Bootstrap.load(Bootstrap.java:302)
		at org.apache.catalina.startup.Bootstrap.main(Bootstrap.java:472)
	Caused by: java.net.BindException: Address already in use
		at sun.nio.ch.Net.bind0(Native Method)
		at sun.nio.ch.Net.bind(Net.java:444)
		at sun.nio.ch.Net.bind(Net.java:436)
		at sun.nio.ch.ServerSocketChannelImpl.bind(ServerSocketChannelImpl.java:225)
		at sun.nio.ch.ServerSocketAdaptor.bind(ServerSocketAdaptor.java:74)
		at org.apache.tomcat.util.net.NioEndpoint.bind(NioEndpoint.java:223)
		at org.apache.tomcat.util.net.AbstractEndpoint.init(AbstractEndpoint.java:1118)
		at org.apache.tomcat.util.net.AbstractJsseEndpoint.init(AbstractJsseEndpoint.java:222)
		at org.apache.coyote.AbstractProtocol.init(AbstractProtocol.java:599)
		at org.apache.coyote.http11.AbstractHttp11Protocol.init(AbstractHttp11Protocol.java:80)
		at org.apache.catalina.connector.Connector.initInternal(Connector.java:1075)
		... 13 more
01-Feb-2021 08:59:16.695 信息 [main] org.apache.catalina.startup.Catalina.load Initialization processed in 471 ms
01-Feb-2021 08:59:16.714 信息 [main] org.apache.catalina.core.StandardService.startInternal 正在启动服务[Catalina]
01-Feb-2021 08:59:16.714 信息 [main] org.apache.catalina.core.StandardEngine.startInternal Starting Servlet Engine: Apache Tomcat/8.5.61
01-Feb-2021 08:59:16.720 信息 [localhost-startStop-1] org.apache.catalina.startup.HostConfig.deployDirectory 把web 应用程序部署到目录 [/Users/yichiban/Code/Java/apache-tomcat-8.5.61/webapps/docs]
01-Feb-2021 08:59:16.906 信息 [localhost-startStop-1] org.apache.catalina.startup.HostConfig.deployDirectory Web应用程序目录[/Users/yichiban/Code/Java/apache-tomcat-8.5.61/webapps/docs]的部署已在[184]毫秒内完成
01-Feb-2021 08:59:16.906 信息 [localhost-startStop-1] org.apache.catalina.startup.HostConfig.deployDirectory 把web 应用程序部署到目录 [/Users/yichiban/Code/Java/apache-tomcat-8.5.61/webapps/manager]
01-Feb-2021 08:59:16.936 信息 [localhost-startStop-1] org.apache.catalina.startup.HostConfig.deployDirectory Web应用程序目录[/Users/yichiban/Code/Java/apache-tomcat-8.5.61/webapps/manager]的部署已在[30]毫秒内完成
01-Feb-2021 08:59:16.936 信息 [localhost-startStop-1] org.apache.catalina.startup.HostConfig.deployDirectory 把web 应用程序部署到目录 [/Users/yichiban/Code/Java/apache-tomcat-8.5.61/webapps/examples]
01-Feb-2021 08:59:17.174 信息 [localhost-startStop-1] org.apache.catalina.startup.HostConfig.deployDirectory Web应用程序目录[/Users/yichiban/Code/Java/apache-tomcat-8.5.61/webapps/examples]的部署已在[238]毫秒内完成
01-Feb-2021 08:59:17.174 信息 [localhost-startStop-1] org.apache.catalina.startup.HostConfig.deployDirectory 把web 应用程序部署到目录 [/Users/yichiban/Code/Java/apache-tomcat-8.5.61/webapps/ROOT]
01-Feb-2021 08:59:17.185 信息 [localhost-startStop-1] org.apache.catalina.startup.HostConfig.deployDirectory Web应用程序目录[/Users/yichiban/Code/Java/apache-tomcat-8.5.61/webapps/ROOT]的部署已在[11]毫秒内完成
01-Feb-2021 08:59:17.185 信息 [localhost-startStop-1] org.apache.catalina.startup.HostConfig.deployDirectory 把web 应用程序部署到目录 [/Users/yichiban/Code/Java/apache-tomcat-8.5.61/webapps/host-manager]
01-Feb-2021 08:59:17.198 信息 [localhost-startStop-1] org.apache.catalina.startup.HostConfig.deployDirectory Web应用程序目录[/Users/yichiban/Code/Java/apache-tomcat-8.5.61/webapps/host-manager]的部署已在[13]毫秒内完成
01-Feb-2021 08:59:17.200 信息 [main] org.apache.catalina.startup.Catalina.start Server startup in 505 ms
01-Feb-2021 08:59:17.203 严重 [main] org.apache.catalina.core.StandardServer.await StandardServer.await: create[localhost:8005]: 
	java.net.BindException: Address already in use (Bind failed)
		at java.net.PlainSocketImpl.socketBind(Native Method)
		at java.net.AbstractPlainSocketImpl.bind(AbstractPlainSocketImpl.java:513)
		at java.net.ServerSocket.bind(ServerSocket.java:375)
		at java.net.ServerSocket.<init>(ServerSocket.java:237)
		at org.apache.catalina.core.StandardServer.await(StandardServer.java:421)
		at org.apache.catalina.startup.Catalina.await(Catalina.java:776)
		at org.apache.catalina.startup.Catalina.start(Catalina.java:722)
		at sun.reflect.NativeMethodAccessorImpl.invoke0(Native Method)
		at sun.reflect.NativeMethodAccessorImpl.invoke(NativeMethodAccessorImpl.java:62)
		at sun.reflect.DelegatingMethodAccessorImpl.invoke(DelegatingMethodAccessorImpl.java:43)
		at java.lang.reflect.Method.invoke(Method.java:498)
		at org.apache.catalina.startup.Bootstrap.start(Bootstrap.java:342)
		at org.apache.catalina.startup.Bootstrap.main(Bootstrap.java:473)
01-Feb-2021 08:59:17.203 信息 [main] org.apache.coyote.AbstractProtocol.pause 暂停ProtocolHandler["http-nio-9091"]
01-Feb-2021 08:59:17.203 信息 [main] org.apache.catalina.core.StandardService.stopInternal 正在停止服务[Catalina]
01-Feb-2021 08:59:17.219 信息 [main] org.apache.coyote.AbstractProtocol.stop 正在停止ProtocolHandler ["http-nio-9091"]
01-Feb-2021 08:59:17.220 信息 [main] org.apache.coyote.AbstractProtocol.destroy 正在摧毁协议处理器 ["http-nio-9091"]
01-Feb-2021 09:02:27.959 信息 [main] org.apache.catalina.startup.VersionLoggerListener.log Server.服务器版本: Apache Tomcat/8.5.61
01-Feb-2021 09:02:27.962 信息 [main] org.apache.catalina.startup.VersionLoggerListener.log 服务器构建:        Dec 3 2020 14:03:28 UTC
01-Feb-2021 09:02:27.962 信息 [main] org.apache.catalina.startup.VersionLoggerListener.log 服务器版本号:      8.5.61.0
01-Feb-2021 09:02:27.962 信息 [main] org.apache.catalina.startup.VersionLoggerListener.log 操作系统名称:      Mac OS X
01-Feb-2021 09:02:27.962 信息 [main] org.apache.catalina.startup.VersionLoggerListener.log OS.版本:           10.15.7
01-Feb-2021 09:02:27.962 信息 [main] org.apache.catalina.startup.VersionLoggerListener.log 架构:              x86_64
01-Feb-2021 09:02:27.963 信息 [main] org.apache.catalina.startup.VersionLoggerListener.log Java 环境变量:     /Library/Java/JavaVirtualMachines/jdk1.8.0_261.jdk/Contents/Home/jre
01-Feb-2021 09:02:27.963 信息 [main] org.apache.catalina.startup.VersionLoggerListener.log Java虚拟机版本:    1.8.0_261-b12
01-Feb-2021 09:02:27.963 信息 [main] org.apache.catalina.startup.VersionLoggerListener.log JVM.供应商:        Oracle Corporation
01-Feb-2021 09:02:27.963 信息 [main] org.apache.catalina.startup.VersionLoggerListener.log CATALINA_BASE:     /Users/yichiban/Code/Java/apache-tomcat-8.5.61
01-Feb-2021 09:02:27.965 信息 [main] org.apache.catalina.startup.VersionLoggerListener.log CATALINA_HOME:     /Users/yichiban/Code/Java/apache-tomcat-8.5.61
01-Feb-2021 09:02:27.966 信息 [main] org.apache.catalina.startup.VersionLoggerListener.log 命令行参数：       -Djava.util.logging.config.file=/Users/yichiban/Code/Java/apache-tomcat-8.5.61/conf/logging.properties
01-Feb-2021 09:02:27.966 信息 [main] org.apache.catalina.startup.VersionLoggerListener.log 命令行参数：       -Djava.util.logging.manager=org.apache.juli.ClassLoaderLogManager
01-Feb-2021 09:02:27.966 信息 [main] org.apache.catalina.startup.VersionLoggerListener.log 命令行参数：       -Djdk.tls.ephemeralDHKeySize=2048
01-Feb-2021 09:02:27.966 信息 [main] org.apache.catalina.startup.VersionLoggerListener.log 命令行参数：       -Djava.protocol.handler.pkgs=org.apache.catalina.webresources
01-Feb-2021 09:02:27.966 信息 [main] org.apache.catalina.startup.VersionLoggerListener.log 命令行参数：       -Dorg.apache.catalina.security.SecurityListener.UMASK=0027
01-Feb-2021 09:02:27.966 信息 [main] org.apache.catalina.startup.VersionLoggerListener.log 命令行参数：       -Dignore.endorsed.dirs=
01-Feb-2021 09:02:27.967 信息 [main] org.apache.catalina.startup.VersionLoggerListener.log 命令行参数：       -Dcatalina.base=/Users/yichiban/Code/Java/apache-tomcat-8.5.61
01-Feb-2021 09:02:27.967 信息 [main] org.apache.catalina.startup.VersionLoggerListener.log 命令行参数：       -Dcatalina.home=/Users/yichiban/Code/Java/apache-tomcat-8.5.61
01-Feb-2021 09:02:27.968 信息 [main] org.apache.catalina.startup.VersionLoggerListener.log 命令行参数：       -Djava.io.tmpdir=/Users/yichiban/Code/Java/apache-tomcat-8.5.61/temp
01-Feb-2021 09:02:27.968 信息 [main] org.apache.catalina.core.AprLifecycleListener.lifecycleEvent 在java.library.path:[/Users/yichiban/Library/Java/Extensions:/Library/Java/Extensions:/Network/Library/Java/Extensions:/System/Library/Java/Extensions:/usr/lib/java:.]上找不到基于APR的Apache Tomcat本机库，该库允许在生产环境中获得最佳性能
01-Feb-2021 09:02:28.082 信息 [main] org.apache.coyote.AbstractProtocol.init 初始化协议处理器 ["http-nio-9091"]
01-Feb-2021 09:02:28.096 严重 [main] org.apache.catalina.core.StandardService.initInternal Failed to initialize connector [Connector[HTTP/1.1-9091]]
	org.apache.catalina.LifecycleException: 协议处理程序初始化失败
		at org.apache.catalina.connector.Connector.initInternal(Connector.java:1077)
		at org.apache.catalina.util.LifecycleBase.init(LifecycleBase.java:136)
		at org.apache.catalina.core.StandardService.initInternal(StandardService.java:552)
		at org.apache.catalina.util.LifecycleBase.init(LifecycleBase.java:136)
		at org.apache.catalina.core.StandardServer.initInternal(StandardServer.java:848)
		at org.apache.catalina.util.LifecycleBase.init(LifecycleBase.java:136)
		at org.apache.catalina.startup.Catalina.load(Catalina.java:639)
		at org.apache.catalina.startup.Catalina.load(Catalina.java:662)
		at sun.reflect.NativeMethodAccessorImpl.invoke0(Native Method)
		at sun.reflect.NativeMethodAccessorImpl.invoke(NativeMethodAccessorImpl.java:62)
		at sun.reflect.DelegatingMethodAccessorImpl.invoke(DelegatingMethodAccessorImpl.java:43)
		at java.lang.reflect.Method.invoke(Method.java:498)
		at org.apache.catalina.startup.Bootstrap.load(Bootstrap.java:302)
		at org.apache.catalina.startup.Bootstrap.main(Bootstrap.java:472)
	Caused by: java.net.BindException: Address already in use
		at sun.nio.ch.Net.bind0(Native Method)
		at sun.nio.ch.Net.bind(Net.java:444)
		at sun.nio.ch.Net.bind(Net.java:436)
		at sun.nio.ch.ServerSocketChannelImpl.bind(ServerSocketChannelImpl.java:225)
		at sun.nio.ch.ServerSocketAdaptor.bind(ServerSocketAdaptor.java:74)
		at org.apache.tomcat.util.net.NioEndpoint.bind(NioEndpoint.java:223)
		at org.apache.tomcat.util.net.AbstractEndpoint.init(AbstractEndpoint.java:1118)
		at org.apache.tomcat.util.net.AbstractJsseEndpoint.init(AbstractJsseEndpoint.java:222)
		at org.apache.coyote.AbstractProtocol.init(AbstractProtocol.java:599)
		at org.apache.coyote.http11.AbstractHttp11Protocol.init(AbstractHttp11Protocol.java:80)
		at org.apache.catalina.connector.Connector.initInternal(Connector.java:1075)
		... 13 more
01-Feb-2021 09:02:28.097 信息 [main] org.apache.catalina.startup.Catalina.load Initialization processed in 516 ms
01-Feb-2021 09:02:28.119 信息 [main] org.apache.catalina.core.StandardService.startInternal 正在启动服务[Catalina]
01-Feb-2021 09:02:28.119 信息 [main] org.apache.catalina.core.StandardEngine.startInternal Starting Servlet Engine: Apache Tomcat/8.5.61
01-Feb-2021 09:02:28.126 信息 [localhost-startStop-1] org.apache.catalina.startup.HostConfig.deployDirectory 把web 应用程序部署到目录 [/Users/yichiban/Code/Java/apache-tomcat-8.5.61/webapps/docs]
01-Feb-2021 09:02:28.325 信息 [localhost-startStop-1] org.apache.catalina.startup.HostConfig.deployDirectory Web应用程序目录[/Users/yichiban/Code/Java/apache-tomcat-8.5.61/webapps/docs]的部署已在[197]毫秒内完成
01-Feb-2021 09:02:28.326 信息 [localhost-startStop-1] org.apache.catalina.startup.HostConfig.deployDirectory 把web 应用程序部署到目录 [/Users/yichiban/Code/Java/apache-tomcat-8.5.61/webapps/manager]
01-Feb-2021 09:02:28.352 信息 [localhost-startStop-1] org.apache.catalina.startup.HostConfig.deployDirectory Web应用程序目录[/Users/yichiban/Code/Java/apache-tomcat-8.5.61/webapps/manager]的部署已在[26]毫秒内完成
01-Feb-2021 09:02:28.352 信息 [localhost-startStop-1] org.apache.catalina.startup.HostConfig.deployDirectory 把web 应用程序部署到目录 [/Users/yichiban/Code/Java/apache-tomcat-8.5.61/webapps/examples]
01-Feb-2021 09:02:28.577 信息 [localhost-startStop-1] org.apache.catalina.startup.HostConfig.deployDirectory Web应用程序目录[/Users/yichiban/Code/Java/apache-tomcat-8.5.61/webapps/examples]的部署已在[225]毫秒内完成
01-Feb-2021 09:02:28.577 信息 [localhost-startStop-1] org.apache.catalina.startup.HostConfig.deployDirectory 把web 应用程序部署到目录 [/Users/yichiban/Code/Java/apache-tomcat-8.5.61/webapps/ROOT]
01-Feb-2021 09:02:28.587 信息 [localhost-startStop-1] org.apache.catalina.startup.HostConfig.deployDirectory Web应用程序目录[/Users/yichiban/Code/Java/apache-tomcat-8.5.61/webapps/ROOT]的部署已在[10]毫秒内完成
01-Feb-2021 09:02:28.587 信息 [localhost-startStop-1] org.apache.catalina.startup.HostConfig.deployDirectory 把web 应用程序部署到目录 [/Users/yichiban/Code/Java/apache-tomcat-8.5.61/webapps/host-manager]
01-Feb-2021 09:02:28.600 信息 [localhost-startStop-1] org.apache.catalina.startup.HostConfig.deployDirectory Web应用程序目录[/Users/yichiban/Code/Java/apache-tomcat-8.5.61/webapps/host-manager]的部署已在[13]毫秒内完成
01-Feb-2021 09:02:28.602 信息 [main] org.apache.catalina.startup.Catalina.start Server startup in 504 ms
01-Feb-2021 09:02:28.605 严重 [main] org.apache.catalina.core.StandardServer.await StandardServer.await: create[localhost:8005]: 
	java.net.BindException: Address already in use (Bind failed)
		at java.net.PlainSocketImpl.socketBind(Native Method)
		at java.net.AbstractPlainSocketImpl.bind(AbstractPlainSocketImpl.java:513)
		at java.net.ServerSocket.bind(ServerSocket.java:375)
		at java.net.ServerSocket.<init>(ServerSocket.java:237)
		at org.apache.catalina.core.StandardServer.await(StandardServer.java:421)
		at org.apache.catalina.startup.Catalina.await(Catalina.java:776)
		at org.apache.catalina.startup.Catalina.start(Catalina.java:722)
		at sun.reflect.NativeMethodAccessorImpl.invoke0(Native Method)
		at sun.reflect.NativeMethodAccessorImpl.invoke(NativeMethodAccessorImpl.java:62)
		at sun.reflect.DelegatingMethodAccessorImpl.invoke(DelegatingMethodAccessorImpl.java:43)
		at java.lang.reflect.Method.invoke(Method.java:498)
		at org.apache.catalina.startup.Bootstrap.start(Bootstrap.java:342)
		at org.apache.catalina.startup.Bootstrap.main(Bootstrap.java:473)
01-Feb-2021 09:02:28.606 信息 [main] org.apache.coyote.AbstractProtocol.pause 暂停ProtocolHandler["http-nio-9091"]
01-Feb-2021 09:02:28.606 信息 [main] org.apache.catalina.core.StandardService.stopInternal 正在停止服务[Catalina]
01-Feb-2021 09:02:28.619 信息 [main] org.apache.coyote.AbstractProtocol.stop 正在停止ProtocolHandler ["http-nio-9091"]
01-Feb-2021 09:02:28.620 信息 [main] org.apache.coyote.AbstractProtocol.destroy 正在摧毁协议处理器 ["http-nio-9091"]
01-Feb-2021 09:02:29.024 信息 [main] org.apache.catalina.startup.VersionLoggerListener.log Server.服务器版本: Apache Tomcat/8.5.61
01-Feb-2021 09:02:29.028 信息 [main] org.apache.catalina.startup.VersionLoggerListener.log 服务器构建:        Dec 3 2020 14:03:28 UTC
01-Feb-2021 09:02:29.029 信息 [main] org.apache.catalina.startup.VersionLoggerListener.log 服务器版本号:      8.5.61.0
01-Feb-2021 09:02:29.029 信息 [main] org.apache.catalina.startup.VersionLoggerListener.log 操作系统名称:      Mac OS X
01-Feb-2021 09:02:29.029 信息 [main] org.apache.catalina.startup.VersionLoggerListener.log OS.版本:           10.15.7
01-Feb-2021 09:02:29.029 信息 [main] org.apache.catalina.startup.VersionLoggerListener.log 架构:              x86_64
01-Feb-2021 09:02:29.029 信息 [main] org.apache.catalina.startup.VersionLoggerListener.log Java 环境变量:     /Library/Java/JavaVirtualMachines/jdk1.8.0_261.jdk/Contents/Home/jre
01-Feb-2021 09:02:29.029 信息 [main] org.apache.catalina.startup.VersionLoggerListener.log Java虚拟机版本:    1.8.0_261-b12
01-Feb-2021 09:02:29.029 信息 [main] org.apache.catalina.startup.VersionLoggerListener.log JVM.供应商:        Oracle Corporation
01-Feb-2021 09:02:29.029 信息 [main] org.apache.catalina.startup.VersionLoggerListener.log CATALINA_BASE:     /Users/yichiban/Code/Java/apache-tomcat-8.5.61
01-Feb-2021 09:02:29.033 信息 [main] org.apache.catalina.startup.VersionLoggerListener.log CATALINA_HOME:     /Users/yichiban/Code/Java/apache-tomcat-8.5.61
01-Feb-2021 09:02:29.035 信息 [main] org.apache.catalina.startup.VersionLoggerListener.log 命令行参数：       -Djava.util.logging.config.file=/Users/yichiban/Code/Java/apache-tomcat-8.5.61/conf/logging.properties
01-Feb-2021 09:02:29.035 信息 [main] org.apache.catalina.startup.VersionLoggerListener.log 命令行参数：       -Djava.util.logging.manager=org.apache.juli.ClassLoaderLogManager
01-Feb-2021 09:02:29.035 信息 [main] org.apache.catalina.startup.VersionLoggerListener.log 命令行参数：       -Djdk.tls.ephemeralDHKeySize=2048
01-Feb-2021 09:02:29.035 信息 [main] org.apache.catalina.startup.VersionLoggerListener.log 命令行参数：       -Djava.protocol.handler.pkgs=org.apache.catalina.webresources
01-Feb-2021 09:02:29.035 信息 [main] org.apache.catalina.startup.VersionLoggerListener.log 命令行参数：       -Dorg.apache.catalina.security.SecurityListener.UMASK=0027
01-Feb-2021 09:02:29.035 信息 [main] org.apache.catalina.startup.VersionLoggerListener.log 命令行参数：       -Dignore.endorsed.dirs=
01-Feb-2021 09:02:29.035 信息 [main] org.apache.catalina.startup.VersionLoggerListener.log 命令行参数：       -Dcatalina.base=/Users/yichiban/Code/Java/apache-tomcat-8.5.61
01-Feb-2021 09:02:29.035 信息 [main] org.apache.catalina.startup.VersionLoggerListener.log 命令行参数：       -Dcatalina.home=/Users/yichiban/Code/Java/apache-tomcat-8.5.61
01-Feb-2021 09:02:29.036 信息 [main] org.apache.catalina.startup.VersionLoggerListener.log 命令行参数：       -Djava.io.tmpdir=/Users/yichiban/Code/Java/apache-tomcat-8.5.61/temp
01-Feb-2021 09:02:29.036 信息 [main] org.apache.catalina.core.AprLifecycleListener.lifecycleEvent 在java.library.path:[/Users/yichiban/Library/Java/Extensions:/Library/Java/Extensions:/Network/Library/Java/Extensions:/System/Library/Java/Extensions:/usr/lib/java:.]上找不到基于APR的Apache Tomcat本机库，该库允许在生产环境中获得最佳性能
01-Feb-2021 09:02:29.167 信息 [main] org.apache.coyote.AbstractProtocol.init 初始化协议处理器 ["http-nio-9091"]
01-Feb-2021 09:02:29.183 严重 [main] org.apache.catalina.core.StandardService.initInternal Failed to initialize connector [Connector[HTTP/1.1-9091]]
	org.apache.catalina.LifecycleException: 协议处理程序初始化失败
		at org.apache.catalina.connector.Connector.initInternal(Connector.java:1077)
		at org.apache.catalina.util.LifecycleBase.init(LifecycleBase.java:136)
		at org.apache.catalina.core.StandardService.initInternal(StandardService.java:552)
		at org.apache.catalina.util.LifecycleBase.init(LifecycleBase.java:136)
		at org.apache.catalina.core.StandardServer.initInternal(StandardServer.java:848)
		at org.apache.catalina.util.LifecycleBase.init(LifecycleBase.java:136)
		at org.apache.catalina.startup.Catalina.load(Catalina.java:639)
		at org.apache.catalina.startup.Catalina.load(Catalina.java:662)
		at sun.reflect.NativeMethodAccessorImpl.invoke0(Native Method)
		at sun.reflect.NativeMethodAccessorImpl.invoke(NativeMethodAccessorImpl.java:62)
		at sun.reflect.DelegatingMethodAccessorImpl.invoke(DelegatingMethodAccessorImpl.java:43)
		at java.lang.reflect.Method.invoke(Method.java:498)
		at org.apache.catalina.startup.Bootstrap.load(Bootstrap.java:302)
		at org.apache.catalina.startup.Bootstrap.main(Bootstrap.java:472)
	Caused by: java.net.BindException: Address already in use
		at sun.nio.ch.Net.bind0(Native Method)
		at sun.nio.ch.Net.bind(Net.java:444)
		at sun.nio.ch.Net.bind(Net.java:436)
		at sun.nio.ch.ServerSocketChannelImpl.bind(ServerSocketChannelImpl.java:225)
		at sun.nio.ch.ServerSocketAdaptor.bind(ServerSocketAdaptor.java:74)
		at org.apache.tomcat.util.net.NioEndpoint.bind(NioEndpoint.java:223)
		at org.apache.tomcat.util.net.AbstractEndpoint.init(AbstractEndpoint.java:1118)
		at org.apache.tomcat.util.net.AbstractJsseEndpoint.init(AbstractJsseEndpoint.java:222)
		at org.apache.coyote.AbstractProtocol.init(AbstractProtocol.java:599)
		at org.apache.coyote.http11.AbstractHttp11Protocol.init(AbstractHttp11Protocol.java:80)
		at org.apache.catalina.connector.Connector.initInternal(Connector.java:1075)
		... 13 more
01-Feb-2021 09:02:29.184 信息 [main] org.apache.catalina.startup.Catalina.load Initialization processed in 511 ms
01-Feb-2021 09:02:29.204 信息 [main] org.apache.catalina.core.StandardService.startInternal 正在启动服务[Catalina]
01-Feb-2021 09:02:29.204 信息 [main] org.apache.catalina.core.StandardEngine.startInternal Starting Servlet Engine: Apache Tomcat/8.5.61
01-Feb-2021 09:02:29.210 信息 [localhost-startStop-1] org.apache.catalina.startup.HostConfig.deployDirectory 把web 应用程序部署到目录 [/Users/yichiban/Code/Java/apache-tomcat-8.5.61/webapps/docs]
01-Feb-2021 09:02:29.430 信息 [localhost-startStop-1] org.apache.catalina.startup.HostConfig.deployDirectory Web应用程序目录[/Users/yichiban/Code/Java/apache-tomcat-8.5.61/webapps/docs]的部署已在[218]毫秒内完成
01-Feb-2021 09:02:29.430 信息 [localhost-startStop-1] org.apache.catalina.startup.HostConfig.deployDirectory 把web 应用程序部署到目录 [/Users/yichiban/Code/Java/apache-tomcat-8.5.61/webapps/manager]
01-Feb-2021 09:02:29.460 信息 [localhost-startStop-1] org.apache.catalina.startup.HostConfig.deployDirectory Web应用程序目录[/Users/yichiban/Code/Java/apache-tomcat-8.5.61/webapps/manager]的部署已在[30]毫秒内完成
01-Feb-2021 09:02:29.460 信息 [localhost-startStop-1] org.apache.catalina.startup.HostConfig.deployDirectory 把web 应用程序部署到目录 [/Users/yichiban/Code/Java/apache-tomcat-8.5.61/webapps/examples]
01-Feb-2021 09:02:29.688 信息 [localhost-startStop-1] org.apache.catalina.startup.HostConfig.deployDirectory Web应用程序目录[/Users/yichiban/Code/Java/apache-tomcat-8.5.61/webapps/examples]的部署已在[228]毫秒内完成
01-Feb-2021 09:02:29.688 信息 [localhost-startStop-1] org.apache.catalina.startup.HostConfig.deployDirectory 把web 应用程序部署到目录 [/Users/yichiban/Code/Java/apache-tomcat-8.5.61/webapps/ROOT]
01-Feb-2021 09:02:29.702 信息 [localhost-startStop-1] org.apache.catalina.startup.HostConfig.deployDirectory Web应用程序目录[/Users/yichiban/Code/Java/apache-tomcat-8.5.61/webapps/ROOT]的部署已在[14]毫秒内完成
01-Feb-2021 09:02:29.702 信息 [localhost-startStop-1] org.apache.catalina.startup.HostConfig.deployDirectory 把web 应用程序部署到目录 [/Users/yichiban/Code/Java/apache-tomcat-8.5.61/webapps/host-manager]
01-Feb-2021 09:02:29.717 信息 [localhost-startStop-1] org.apache.catalina.startup.HostConfig.deployDirectory Web应用程序目录[/Users/yichiban/Code/Java/apache-tomcat-8.5.61/webapps/host-manager]的部署已在[15]毫秒内完成
01-Feb-2021 09:02:29.721 信息 [main] org.apache.catalina.startup.Catalina.start Server startup in 536 ms
01-Feb-2021 09:02:29.724 严重 [main] org.apache.catalina.core.StandardServer.await StandardServer.await: create[localhost:8005]: 
	java.net.BindException: Address already in use (Bind failed)
		at java.net.PlainSocketImpl.socketBind(Native Method)
		at java.net.AbstractPlainSocketImpl.bind(AbstractPlainSocketImpl.java:513)
		at java.net.ServerSocket.bind(ServerSocket.java:375)
		at java.net.ServerSocket.<init>(ServerSocket.java:237)
		at org.apache.catalina.core.StandardServer.await(StandardServer.java:421)
		at org.apache.catalina.startup.Catalina.await(Catalina.java:776)
		at org.apache.catalina.startup.Catalina.start(Catalina.java:722)
		at sun.reflect.NativeMethodAccessorImpl.invoke0(Native Method)
		at sun.reflect.NativeMethodAccessorImpl.invoke(NativeMethodAccessorImpl.java:62)
		at sun.reflect.DelegatingMethodAccessorImpl.invoke(DelegatingMethodAccessorImpl.java:43)
		at java.lang.reflect.Method.invoke(Method.java:498)
		at org.apache.catalina.startup.Bootstrap.start(Bootstrap.java:342)
		at org.apache.catalina.startup.Bootstrap.main(Bootstrap.java:473)
01-Feb-2021 09:02:29.725 信息 [main] org.apache.coyote.AbstractProtocol.pause 暂停ProtocolHandler["http-nio-9091"]
01-Feb-2021 09:02:29.725 信息 [main] org.apache.catalina.core.StandardService.stopInternal 正在停止服务[Catalina]
01-Feb-2021 09:02:29.741 信息 [main] org.apache.coyote.AbstractProtocol.stop 正在停止ProtocolHandler ["http-nio-9091"]
01-Feb-2021 09:02:29.742 信息 [main] org.apache.coyote.AbstractProtocol.destroy 正在摧毁协议处理器 ["http-nio-9091"]
01-Feb-2021 09:02:30.184 信息 [main] org.apache.catalina.startup.VersionLoggerListener.log Server.服务器版本: Apache Tomcat/8.5.61
01-Feb-2021 09:02:30.187 信息 [main] org.apache.catalina.startup.VersionLoggerListener.log 服务器构建:        Dec 3 2020 14:03:28 UTC
01-Feb-2021 09:02:30.187 信息 [main] org.apache.catalina.startup.VersionLoggerListener.log 服务器版本号:      8.5.61.0
01-Feb-2021 09:02:30.187 信息 [main] org.apache.catalina.startup.VersionLoggerListener.log 操作系统名称:      Mac OS X
01-Feb-2021 09:02:30.187 信息 [main] org.apache.catalina.startup.VersionLoggerListener.log OS.版本:           10.15.7
01-Feb-2021 09:02:30.187 信息 [main] org.apache.catalina.startup.VersionLoggerListener.log 架构:              x86_64
01-Feb-2021 09:02:30.187 信息 [main] org.apache.catalina.startup.VersionLoggerListener.log Java 环境变量:     /Library/Java/JavaVirtualMachines/jdk1.8.0_261.jdk/Contents/Home/jre
01-Feb-2021 09:02:30.187 信息 [main] org.apache.catalina.startup.VersionLoggerListener.log Java虚拟机版本:    1.8.0_261-b12
01-Feb-2021 09:02:30.187 信息 [main] org.apache.catalina.startup.VersionLoggerListener.log JVM.供应商:        Oracle Corporation
01-Feb-2021 09:02:30.187 信息 [main] org.apache.catalina.startup.VersionLoggerListener.log CATALINA_BASE:     /Users/yichiban/Code/Java/apache-tomcat-8.5.61
01-Feb-2021 09:02:30.190 信息 [main] org.apache.catalina.startup.VersionLoggerListener.log CATALINA_HOME:     /Users/yichiban/Code/Java/apache-tomcat-8.5.61
01-Feb-2021 09:02:30.190 信息 [main] org.apache.catalina.startup.VersionLoggerListener.log 命令行参数：       -Djava.util.logging.config.file=/Users/yichiban/Code/Java/apache-tomcat-8.5.61/conf/logging.properties
01-Feb-2021 09:02:30.190 信息 [main] org.apache.catalina.startup.VersionLoggerListener.log 命令行参数：       -Djava.util.logging.manager=org.apache.juli.ClassLoaderLogManager
01-Feb-2021 09:02:30.190 信息 [main] org.apache.catalina.startup.VersionLoggerListener.log 命令行参数：       -Djdk.tls.ephemeralDHKeySize=2048
01-Feb-2021 09:02:30.191 信息 [main] org.apache.catalina.startup.VersionLoggerListener.log 命令行参数：       -Djava.protocol.handler.pkgs=org.apache.catalina.webresources
01-Feb-2021 09:02:30.191 信息 [main] org.apache.catalina.startup.VersionLoggerListener.log 命令行参数：       -Dorg.apache.catalina.security.SecurityListener.UMASK=0027
01-Feb-2021 09:02:30.191 信息 [main] org.apache.catalina.startup.VersionLoggerListener.log 命令行参数：       -Dignore.endorsed.dirs=
01-Feb-2021 09:02:30.192 信息 [main] org.apache.catalina.startup.VersionLoggerListener.log 命令行参数：       -Dcatalina.base=/Users/yichiban/Code/Java/apache-tomcat-8.5.61
01-Feb-2021 09:02:30.192 信息 [main] org.apache.catalina.startup.VersionLoggerListener.log 命令行参数：       -Dcatalina.home=/Users/yichiban/Code/Java/apache-tomcat-8.5.61
01-Feb-2021 09:02:30.192 信息 [main] org.apache.catalina.startup.VersionLoggerListener.log 命令行参数：       -Djava.io.tmpdir=/Users/yichiban/Code/Java/apache-tomcat-8.5.61/temp
01-Feb-2021 09:02:30.192 信息 [main] org.apache.catalina.core.AprLifecycleListener.lifecycleEvent 在java.library.path:[/Users/yichiban/Library/Java/Extensions:/Library/Java/Extensions:/Network/Library/Java/Extensions:/System/Library/Java/Extensions:/usr/lib/java:.]上找不到基于APR的Apache Tomcat本机库，该库允许在生产环境中获得最佳性能
01-Feb-2021 09:02:30.299 信息 [main] org.apache.coyote.AbstractProtocol.init 初始化协议处理器 ["http-nio-9091"]
01-Feb-2021 09:02:30.312 严重 [main] org.apache.catalina.core.StandardService.initInternal Failed to initialize connector [Connector[HTTP/1.1-9091]]
	org.apache.catalina.LifecycleException: 协议处理程序初始化失败
		at org.apache.catalina.connector.Connector.initInternal(Connector.java:1077)
		at org.apache.catalina.util.LifecycleBase.init(LifecycleBase.java:136)
		at org.apache.catalina.core.StandardService.initInternal(StandardService.java:552)
		at org.apache.catalina.util.LifecycleBase.init(LifecycleBase.java:136)
		at org.apache.catalina.core.StandardServer.initInternal(StandardServer.java:848)
		at org.apache.catalina.util.LifecycleBase.init(LifecycleBase.java:136)
		at org.apache.catalina.startup.Catalina.load(Catalina.java:639)
		at org.apache.catalina.startup.Catalina.load(Catalina.java:662)
		at sun.reflect.NativeMethodAccessorImpl.invoke0(Native Method)
		at sun.reflect.NativeMethodAccessorImpl.invoke(NativeMethodAccessorImpl.java:62)
		at sun.reflect.DelegatingMethodAccessorImpl.invoke(DelegatingMethodAccessorImpl.java:43)
		at java.lang.reflect.Method.invoke(Method.java:498)
		at org.apache.catalina.startup.Bootstrap.load(Bootstrap.java:302)
		at org.apache.catalina.startup.Bootstrap.main(Bootstrap.java:472)
	Caused by: java.net.BindException: Address already in use
		at sun.nio.ch.Net.bind0(Native Method)
		at sun.nio.ch.Net.bind(Net.java:444)
		at sun.nio.ch.Net.bind(Net.java:436)
		at sun.nio.ch.ServerSocketChannelImpl.bind(ServerSocketChannelImpl.java:225)
		at sun.nio.ch.ServerSocketAdaptor.bind(ServerSocketAdaptor.java:74)
		at org.apache.tomcat.util.net.NioEndpoint.bind(NioEndpoint.java:223)
		at org.apache.tomcat.util.net.AbstractEndpoint.init(AbstractEndpoint.java:1118)
		at org.apache.tomcat.util.net.AbstractJsseEndpoint.init(AbstractJsseEndpoint.java:222)
		at org.apache.coyote.AbstractProtocol.init(AbstractProtocol.java:599)
		at org.apache.coyote.http11.AbstractHttp11Protocol.init(AbstractHttp11Protocol.java:80)
		at org.apache.catalina.connector.Connector.initInternal(Connector.java:1075)
		... 13 more
01-Feb-2021 09:02:30.313 信息 [main] org.apache.catalina.startup.Catalina.load Initialization processed in 512 ms
01-Feb-2021 09:02:30.331 信息 [main] org.apache.catalina.core.StandardService.startInternal 正在启动服务[Catalina]
01-Feb-2021 09:02:30.331 信息 [main] org.apache.catalina.core.StandardEngine.startInternal Starting Servlet Engine: Apache Tomcat/8.5.61
01-Feb-2021 09:02:30.337 信息 [localhost-startStop-1] org.apache.catalina.startup.HostConfig.deployDirectory 把web 应用程序部署到目录 [/Users/yichiban/Code/Java/apache-tomcat-8.5.61/webapps/docs]
01-Feb-2021 09:02:30.505 信息 [localhost-startStop-1] org.apache.catalina.startup.HostConfig.deployDirectory Web应用程序目录[/Users/yichiban/Code/Java/apache-tomcat-8.5.61/webapps/docs]的部署已在[166]毫秒内完成
01-Feb-2021 09:02:30.505 信息 [localhost-startStop-1] org.apache.catalina.startup.HostConfig.deployDirectory 把web 应用程序部署到目录 [/Users/yichiban/Code/Java/apache-tomcat-8.5.61/webapps/manager]
01-Feb-2021 09:02:30.531 信息 [localhost-startStop-1] org.apache.catalina.startup.HostConfig.deployDirectory Web应用程序目录[/Users/yichiban/Code/Java/apache-tomcat-8.5.61/webapps/manager]的部署已在[25]毫秒内完成
01-Feb-2021 09:02:30.531 信息 [localhost-startStop-1] org.apache.catalina.startup.HostConfig.deployDirectory 把web 应用程序部署到目录 [/Users/yichiban/Code/Java/apache-tomcat-8.5.61/webapps/examples]
01-Feb-2021 09:02:30.700 信息 [localhost-startStop-1] org.apache.catalina.startup.HostConfig.deployDirectory Web应用程序目录[/Users/yichiban/Code/Java/apache-tomcat-8.5.61/webapps/examples]的部署已在[169]毫秒内完成
01-Feb-2021 09:02:30.700 信息 [localhost-startStop-1] org.apache.catalina.startup.HostConfig.deployDirectory 把web 应用程序部署到目录 [/Users/yichiban/Code/Java/apache-tomcat-8.5.61/webapps/ROOT]
01-Feb-2021 09:02:30.710 信息 [localhost-startStop-1] org.apache.catalina.startup.HostConfig.deployDirectory Web应用程序目录[/Users/yichiban/Code/Java/apache-tomcat-8.5.61/webapps/ROOT]的部署已在[10]毫秒内完成
01-Feb-2021 09:02:30.710 信息 [localhost-startStop-1] org.apache.catalina.startup.HostConfig.deployDirectory 把web 应用程序部署到目录 [/Users/yichiban/Code/Java/apache-tomcat-8.5.61/webapps/host-manager]
01-Feb-2021 09:02:30.723 信息 [localhost-startStop-1] org.apache.catalina.startup.HostConfig.deployDirectory Web应用程序目录[/Users/yichiban/Code/Java/apache-tomcat-8.5.61/webapps/host-manager]的部署已在[13]毫秒内完成
01-Feb-2021 09:02:30.725 信息 [main] org.apache.catalina.startup.Catalina.start Server startup in 411 ms
01-Feb-2021 09:02:30.728 严重 [main] org.apache.catalina.core.StandardServer.await StandardServer.await: create[localhost:8005]: 
	java.net.BindException: Address already in use (Bind failed)
		at java.net.PlainSocketImpl.socketBind(Native Method)
		at java.net.AbstractPlainSocketImpl.bind(AbstractPlainSocketImpl.java:513)
		at java.net.ServerSocket.bind(ServerSocket.java:375)
		at java.net.ServerSocket.<init>(ServerSocket.java:237)
		at org.apache.catalina.core.StandardServer.await(StandardServer.java:421)
		at org.apache.catalina.startup.Catalina.await(Catalina.java:776)
		at org.apache.catalina.startup.Catalina.start(Catalina.java:722)
		at sun.reflect.NativeMethodAccessorImpl.invoke0(Native Method)
		at sun.reflect.NativeMethodAccessorImpl.invoke(NativeMethodAccessorImpl.java:62)
		at sun.reflect.DelegatingMethodAccessorImpl.invoke(DelegatingMethodAccessorImpl.java:43)
		at java.lang.reflect.Method.invoke(Method.java:498)
		at org.apache.catalina.startup.Bootstrap.start(Bootstrap.java:342)
		at org.apache.catalina.startup.Bootstrap.main(Bootstrap.java:473)
01-Feb-2021 09:02:30.728 信息 [main] org.apache.coyote.AbstractProtocol.pause 暂停ProtocolHandler["http-nio-9091"]
01-Feb-2021 09:02:30.728 信息 [main] org.apache.catalina.core.StandardService.stopInternal 正在停止服务[Catalina]
01-Feb-2021 09:02:30.741 信息 [main] org.apache.coyote.AbstractProtocol.stop 正在停止ProtocolHandler ["http-nio-9091"]
01-Feb-2021 09:02:30.742 信息 [main] org.apache.coyote.AbstractProtocol.destroy 正在摧毁协议处理器 ["http-nio-9091"]
01-Feb-2021 09:03:01.807 信息 [main] org.apache.catalina.startup.VersionLoggerListener.log Server.服务器版本: Apache Tomcat/8.5.61
01-Feb-2021 09:03:01.810 信息 [main] org.apache.catalina.startup.VersionLoggerListener.log 服务器构建:        Dec 3 2020 14:03:28 UTC
01-Feb-2021 09:03:01.811 信息 [main] org.apache.catalina.startup.VersionLoggerListener.log 服务器版本号:      8.5.61.0
01-Feb-2021 09:03:01.811 信息 [main] org.apache.catalina.startup.VersionLoggerListener.log 操作系统名称:      Mac OS X
01-Feb-2021 09:03:01.811 信息 [main] org.apache.catalina.startup.VersionLoggerListener.log OS.版本:           10.15.7
01-Feb-2021 09:03:01.811 信息 [main] org.apache.catalina.startup.VersionLoggerListener.log 架构:              x86_64
01-Feb-2021 09:03:01.811 信息 [main] org.apache.catalina.startup.VersionLoggerListener.log Java 环境变量:     /Library/Java/JavaVirtualMachines/jdk1.8.0_261.jdk/Contents/Home/jre
01-Feb-2021 09:03:01.811 信息 [main] org.apache.catalina.startup.VersionLoggerListener.log Java虚拟机版本:    1.8.0_261-b12
01-Feb-2021 09:03:01.811 信息 [main] org.apache.catalina.startup.VersionLoggerListener.log JVM.供应商:        Oracle Corporation
01-Feb-2021 09:03:01.811 信息 [main] org.apache.catalina.startup.VersionLoggerListener.log CATALINA_BASE:     /Users/yichiban/Code/Java/apache-tomcat-8.5.61
01-Feb-2021 09:03:01.811 信息 [main] org.apache.catalina.startup.VersionLoggerListener.log CATALINA_HOME:     /Users/yichiban/Code/Java/apache-tomcat-8.5.61
01-Feb-2021 09:03:01.812 信息 [main] org.apache.catalina.startup.VersionLoggerListener.log 命令行参数：       -Djava.util.logging.config.file=/Users/yichiban/Code/Java/apache-tomcat-8.5.61/conf/logging.properties
01-Feb-2021 09:03:01.813 信息 [main] org.apache.catalina.startup.VersionLoggerListener.log 命令行参数：       -Djava.util.logging.manager=org.apache.juli.ClassLoaderLogManager
01-Feb-2021 09:03:01.813 信息 [main] org.apache.catalina.startup.VersionLoggerListener.log 命令行参数：       -Djdk.tls.ephemeralDHKeySize=2048
01-Feb-2021 09:03:01.813 信息 [main] org.apache.catalina.startup.VersionLoggerListener.log 命令行参数：       -Djava.protocol.handler.pkgs=org.apache.catalina.webresources
01-Feb-2021 09:03:01.813 信息 [main] org.apache.catalina.startup.VersionLoggerListener.log 命令行参数：       -Dorg.apache.catalina.security.SecurityListener.UMASK=0027
01-Feb-2021 09:03:01.813 信息 [main] org.apache.catalina.startup.VersionLoggerListener.log 命令行参数：       -Dignore.endorsed.dirs=
01-Feb-2021 09:03:01.814 信息 [main] org.apache.catalina.startup.VersionLoggerListener.log 命令行参数：       -Dcatalina.base=/Users/yichiban/Code/Java/apache-tomcat-8.5.61
01-Feb-2021 09:03:01.814 信息 [main] org.apache.catalina.startup.VersionLoggerListener.log 命令行参数：       -Dcatalina.home=/Users/yichiban/Code/Java/apache-tomcat-8.5.61
01-Feb-2021 09:03:01.814 信息 [main] org.apache.catalina.startup.VersionLoggerListener.log 命令行参数：       -Djava.io.tmpdir=/Users/yichiban/Code/Java/apache-tomcat-8.5.61/temp
01-Feb-2021 09:03:01.815 信息 [main] org.apache.catalina.core.AprLifecycleListener.lifecycleEvent 在java.library.path:[/Users/yichiban/Library/Java/Extensions:/Library/Java/Extensions:/Network/Library/Java/Extensions:/System/Library/Java/Extensions:/usr/lib/java:.]上找不到基于APR的Apache Tomcat本机库，该库允许在生产环境中获得最佳性能
01-Feb-2021 09:03:01.931 信息 [main] org.apache.coyote.AbstractProtocol.init 初始化协议处理器 ["http-nio-9091"]
01-Feb-2021 09:03:01.947 信息 [main] org.apache.tomcat.util.net.NioSelectorPool.getSharedSelector Using a shared selector for servlet write/read
01-Feb-2021 09:03:01.958 信息 [main] org.apache.catalina.startup.Catalina.load Initialization processed in 541 ms
01-Feb-2021 09:03:01.982 信息 [main] org.apache.catalina.core.StandardService.startInternal 正在启动服务[Catalina]
01-Feb-2021 09:03:01.982 信息 [main] org.apache.catalina.core.StandardEngine.startInternal Starting Servlet Engine: Apache Tomcat/8.5.61
01-Feb-2021 09:03:01.989 信息 [localhost-startStop-1] org.apache.catalina.startup.HostConfig.deployDirectory 把web 应用程序部署到目录 [/Users/yichiban/Code/Java/apache-tomcat-8.5.61/webapps/docs]
01-Feb-2021 09:03:02.184 信息 [localhost-startStop-1] org.apache.catalina.startup.HostConfig.deployDirectory Web应用程序目录[/Users/yichiban/Code/Java/apache-tomcat-8.5.61/webapps/docs]的部署已在[193]毫秒内完成
01-Feb-2021 09:03:02.184 信息 [localhost-startStop-1] org.apache.catalina.startup.HostConfig.deployDirectory 把web 应用程序部署到目录 [/Users/yichiban/Code/Java/apache-tomcat-8.5.61/webapps/manager]
01-Feb-2021 09:03:02.211 信息 [localhost-startStop-1] org.apache.catalina.startup.HostConfig.deployDirectory Web应用程序目录[/Users/yichiban/Code/Java/apache-tomcat-8.5.61/webapps/manager]的部署已在[27]毫秒内完成
01-Feb-2021 09:03:02.211 信息 [localhost-startStop-1] org.apache.catalina.startup.HostConfig.deployDirectory 把web 应用程序部署到目录 [/Users/yichiban/Code/Java/apache-tomcat-8.5.61/webapps/examples]
01-Feb-2021 09:03:02.404 信息 [localhost-startStop-1] org.apache.catalina.startup.HostConfig.deployDirectory Web应用程序目录[/Users/yichiban/Code/Java/apache-tomcat-8.5.61/webapps/examples]的部署已在[193]毫秒内完成
01-Feb-2021 09:03:02.404 信息 [localhost-startStop-1] org.apache.catalina.startup.HostConfig.deployDirectory 把web 应用程序部署到目录 [/Users/yichiban/Code/Java/apache-tomcat-8.5.61/webapps/ROOT]
01-Feb-2021 09:03:02.415 信息 [localhost-startStop-1] org.apache.catalina.startup.HostConfig.deployDirectory Web应用程序目录[/Users/yichiban/Code/Java/apache-tomcat-8.5.61/webapps/ROOT]的部署已在[11]毫秒内完成
01-Feb-2021 09:03:02.415 信息 [localhost-startStop-1] org.apache.catalina.startup.HostConfig.deployDirectory 把web 应用程序部署到目录 [/Users/yichiban/Code/Java/apache-tomcat-8.5.61/webapps/host-manager]
01-Feb-2021 09:03:02.427 信息 [localhost-startStop-1] org.apache.catalina.startup.HostConfig.deployDirectory Web应用程序目录[/Users/yichiban/Code/Java/apache-tomcat-8.5.61/webapps/host-manager]的部署已在[12]毫秒内完成
01-Feb-2021 09:03:02.428 信息 [main] org.apache.coyote.AbstractProtocol.start 开始协议处理句柄["http-nio-9091"]
01-Feb-2021 09:03:02.435 信息 [main] org.apache.catalina.startup.Catalina.start Server startup in 476 ms
01-Feb-2021 09:03:28.789 警告 [main] org.apache.catalina.core.StandardServer.await 收到无效的关闭命令[]
01-Feb-2021 09:05:04.199 警告 [main] org.apache.catalina.core.StandardServer.await 收到无效的关闭命令[]
01-Feb-2021 09:05:45.144 警告 [main] org.apache.catalina.core.StandardServer.await 收到无效的关闭命令[]
01-Feb-2021 09:08:29.702 警告 [main] org.apache.catalina.core.StandardServer.await 收到无效的关闭命令[]
01-Feb-2021 09:10:40.226 警告 [main] org.apache.catalina.core.StandardServer.await 收到无效的关闭命令[]
01-Feb-2021 09:13:44.688 警告 [main] org.apache.catalina.core.StandardServer.await 收到无效的关闭命令[]
01-Feb-2021 09:15:51.451 警告 [main] org.apache.catalina.core.StandardServer.await 收到无效的关闭命令[]
01-Feb-2021 09:16:20.157 警告 [main] org.apache.catalina.core.StandardServer.await 收到无效的关闭命令[]
01-Feb-2021 09:16:43.989 信息 [main] org.apache.catalina.core.StandardServer.await 通过关闭端口接收到有效的关闭命令。正在停止服务器实例。
01-Feb-2021 09:16:43.989 信息 [main] org.apache.coyote.AbstractProtocol.pause 暂停ProtocolHandler["http-nio-9091"]
01-Feb-2021 09:16:43.999 信息 [main] org.apache.catalina.core.StandardService.stopInternal 正在停止服务[Catalina]
01-Feb-2021 09:16:44.026 信息 [main] org.apache.coyote.AbstractProtocol.stop 正在停止ProtocolHandler ["http-nio-9091"]
01-Feb-2021 09:16:44.031 信息 [main] org.apache.coyote.AbstractProtocol.destroy 正在摧毁协议处理器 ["http-nio-9091"]
