28-Jan-2021 13:45:45.532 信息 [main] org.apache.catalina.startup.VersionLoggerListener.log Server.服务器版本: Apache Tomcat/8.5.61
28-Jan-2021 13:45:45.535 信息 [main] org.apache.catalina.startup.VersionLoggerListener.log 服务器构建:        Dec 3 2020 14:03:28 UTC
28-Jan-2021 13:45:45.535 信息 [main] org.apache.catalina.startup.VersionLoggerListener.log 服务器版本号:      8.5.61.0
28-Jan-2021 13:45:45.536 信息 [main] org.apache.catalina.startup.VersionLoggerListener.log 操作系统名称:      Mac OS X
28-Jan-2021 13:45:45.536 信息 [main] org.apache.catalina.startup.VersionLoggerListener.log OS.版本:           10.15.7
28-Jan-2021 13:45:45.536 信息 [main] org.apache.catalina.startup.VersionLoggerListener.log 架构:              x86_64
28-Jan-2021 13:45:45.536 信息 [main] org.apache.catalina.startup.VersionLoggerListener.log Java 环境变量:     /Library/Java/JavaVirtualMachines/jdk1.8.0_261.jdk/Contents/Home/jre
28-Jan-2021 13:45:45.536 信息 [main] org.apache.catalina.startup.VersionLoggerListener.log Java虚拟机版本:    1.8.0_261-b12
28-Jan-2021 13:45:45.536 信息 [main] org.apache.catalina.startup.VersionLoggerListener.log JVM.供应商:        Oracle Corporation
28-Jan-2021 13:45:45.536 信息 [main] org.apache.catalina.startup.VersionLoggerListener.log CATALINA_BASE:     /Users/yichiban/Code/Java/apache-tomcat-8.5.61
28-Jan-2021 13:45:45.538 信息 [main] org.apache.catalina.startup.VersionLoggerListener.log CATALINA_HOME:     /Users/yichiban/Code/Java/apache-tomcat-8.5.61
28-Jan-2021 13:45:45.540 信息 [main] org.apache.catalina.startup.VersionLoggerListener.log 命令行参数：       -Djava.util.logging.config.file=/Users/yichiban/Code/Java/apache-tomcat-8.5.61/conf/logging.properties
28-Jan-2021 13:45:45.540 信息 [main] org.apache.catalina.startup.VersionLoggerListener.log 命令行参数：       -Djava.util.logging.manager=org.apache.juli.ClassLoaderLogManager
28-Jan-2021 13:45:45.540 信息 [main] org.apache.catalina.startup.VersionLoggerListener.log 命令行参数：       -Djdk.tls.ephemeralDHKeySize=2048
28-Jan-2021 13:45:45.540 信息 [main] org.apache.catalina.startup.VersionLoggerListener.log 命令行参数：       -Djava.protocol.handler.pkgs=org.apache.catalina.webresources
28-Jan-2021 13:45:45.540 信息 [main] org.apache.catalina.startup.VersionLoggerListener.log 命令行参数：       -Dorg.apache.catalina.security.SecurityListener.UMASK=0027
28-Jan-2021 13:45:45.540 信息 [main] org.apache.catalina.startup.VersionLoggerListener.log 命令行参数：       -Dignore.endorsed.dirs=
28-Jan-2021 13:45:45.541 信息 [main] org.apache.catalina.startup.VersionLoggerListener.log 命令行参数：       -Dcatalina.base=/Users/yichiban/Code/Java/apache-tomcat-8.5.61
28-Jan-2021 13:45:45.542 信息 [main] org.apache.catalina.startup.VersionLoggerListener.log 命令行参数：       -Dcatalina.home=/Users/yichiban/Code/Java/apache-tomcat-8.5.61
28-Jan-2021 13:45:45.542 信息 [main] org.apache.catalina.startup.VersionLoggerListener.log 命令行参数：       -Djava.io.tmpdir=/Users/yichiban/Code/Java/apache-tomcat-8.5.61/temp
28-Jan-2021 13:45:45.542 信息 [main] org.apache.catalina.core.AprLifecycleListener.lifecycleEvent 在java.library.path:[/Users/yichiban/Library/Java/Extensions:/Library/Java/Extensions:/Network/Library/Java/Extensions:/System/Library/Java/Extensions:/usr/lib/java:.]上找不到基于APR的Apache Tomcat本机库，该库允许在生产环境中获得最佳性能
28-Jan-2021 13:45:45.667 信息 [main] org.apache.coyote.AbstractProtocol.init 初始化协议处理器 ["http-nio-8080"]
28-Jan-2021 13:45:45.688 信息 [main] org.apache.tomcat.util.net.NioSelectorPool.getSharedSelector Using a shared selector for servlet write/read
28-Jan-2021 13:45:45.701 信息 [main] org.apache.catalina.startup.Catalina.load Initialization processed in 581 ms
28-Jan-2021 13:45:45.727 信息 [main] org.apache.catalina.core.StandardService.startInternal 正在启动服务[Catalina]
28-Jan-2021 13:45:45.727 信息 [main] org.apache.catalina.core.StandardEngine.startInternal Starting Servlet Engine: Apache Tomcat/8.5.61
28-Jan-2021 13:45:45.735 信息 [localhost-startStop-1] org.apache.catalina.startup.HostConfig.deployDirectory 把web 应用程序部署到目录 [/Users/yichiban/Code/Java/apache-tomcat-8.5.61/webapps/docs]
28-Jan-2021 13:45:45.965 信息 [localhost-startStop-1] org.apache.catalina.startup.HostConfig.deployDirectory Web应用程序目录[/Users/yichiban/Code/Java/apache-tomcat-8.5.61/webapps/docs]的部署已在[225]毫秒内完成
28-Jan-2021 13:45:45.965 信息 [localhost-startStop-1] org.apache.catalina.startup.HostConfig.deployDirectory 把web 应用程序部署到目录 [/Users/yichiban/Code/Java/apache-tomcat-8.5.61/webapps/manager]
28-Jan-2021 13:45:46.007 信息 [localhost-startStop-1] org.apache.catalina.startup.HostConfig.deployDirectory Web应用程序目录[/Users/yichiban/Code/Java/apache-tomcat-8.5.61/webapps/manager]的部署已在[42]毫秒内完成
28-Jan-2021 13:45:46.007 信息 [localhost-startStop-1] org.apache.catalina.startup.HostConfig.deployDirectory 把web 应用程序部署到目录 [/Users/yichiban/Code/Java/apache-tomcat-8.5.61/webapps/examples]
28-Jan-2021 13:45:46.252 信息 [localhost-startStop-1] org.apache.catalina.startup.HostConfig.deployDirectory Web应用程序目录[/Users/yichiban/Code/Java/apache-tomcat-8.5.61/webapps/examples]的部署已在[245]毫秒内完成
28-Jan-2021 13:45:46.253 信息 [localhost-startStop-1] org.apache.catalina.startup.HostConfig.deployDirectory 把web 应用程序部署到目录 [/Users/yichiban/Code/Java/apache-tomcat-8.5.61/webapps/ROOT]
28-Jan-2021 13:45:46.265 信息 [localhost-startStop-1] org.apache.catalina.startup.HostConfig.deployDirectory Web应用程序目录[/Users/yichiban/Code/Java/apache-tomcat-8.5.61/webapps/ROOT]的部署已在[12]毫秒内完成
28-Jan-2021 13:45:46.265 信息 [localhost-startStop-1] org.apache.catalina.startup.HostConfig.deployDirectory 把web 应用程序部署到目录 [/Users/yichiban/Code/Java/apache-tomcat-8.5.61/webapps/host-manager]
28-Jan-2021 13:45:46.280 信息 [localhost-startStop-1] org.apache.catalina.startup.HostConfig.deployDirectory Web应用程序目录[/Users/yichiban/Code/Java/apache-tomcat-8.5.61/webapps/host-manager]的部署已在[15]毫秒内完成
28-Jan-2021 13:45:46.283 信息 [main] org.apache.coyote.AbstractProtocol.start 开始协议处理句柄["http-nio-8080"]
28-Jan-2021 13:45:46.291 信息 [main] org.apache.catalina.startup.Catalina.start Server startup in 589 ms
28-Jan-2021 13:46:30.710 警告 [main] org.apache.catalina.core.StandardServer.await 收到无效的关闭命令[]
28-Jan-2021 14:06:45.510 警告 [main] org.apache.catalina.core.StandardServer.await 收到无效的关闭命令[]
28-Jan-2021 14:07:49.626 信息 [main] org.apache.catalina.startup.VersionLoggerListener.log Server.服务器版本: Apache Tomcat/8.5.61
28-Jan-2021 14:07:49.630 信息 [main] org.apache.catalina.startup.VersionLoggerListener.log 服务器构建:        Dec 3 2020 14:03:28 UTC
28-Jan-2021 14:07:49.630 信息 [main] org.apache.catalina.startup.VersionLoggerListener.log 服务器版本号:      8.5.61.0
28-Jan-2021 14:07:49.630 信息 [main] org.apache.catalina.startup.VersionLoggerListener.log 操作系统名称:      Mac OS X
28-Jan-2021 14:07:49.630 信息 [main] org.apache.catalina.startup.VersionLoggerListener.log OS.版本:           10.15.7
28-Jan-2021 14:07:49.630 信息 [main] org.apache.catalina.startup.VersionLoggerListener.log 架构:              x86_64
28-Jan-2021 14:07:49.630 信息 [main] org.apache.catalina.startup.VersionLoggerListener.log Java 环境变量:     /Library/Java/JavaVirtualMachines/jdk1.8.0_261.jdk/Contents/Home/jre
28-Jan-2021 14:07:49.630 信息 [main] org.apache.catalina.startup.VersionLoggerListener.log Java虚拟机版本:    1.8.0_261-b12
28-Jan-2021 14:07:49.630 信息 [main] org.apache.catalina.startup.VersionLoggerListener.log JVM.供应商:        Oracle Corporation
28-Jan-2021 14:07:49.630 信息 [main] org.apache.catalina.startup.VersionLoggerListener.log CATALINA_BASE:     /Users/yichiban/Code/Java/apache-tomcat-8.5.61
28-Jan-2021 14:07:49.630 信息 [main] org.apache.catalina.startup.VersionLoggerListener.log CATALINA_HOME:     /Users/yichiban/Code/Java/apache-tomcat-8.5.61
28-Jan-2021 14:07:49.631 信息 [main] org.apache.catalina.startup.VersionLoggerListener.log 命令行参数：       -Djava.util.logging.config.file=/Users/yichiban/Code/Java/apache-tomcat-8.5.61/conf/logging.properties
28-Jan-2021 14:07:49.631 信息 [main] org.apache.catalina.startup.VersionLoggerListener.log 命令行参数：       -Djava.util.logging.manager=org.apache.juli.ClassLoaderLogManager
28-Jan-2021 14:07:49.631 信息 [main] org.apache.catalina.startup.VersionLoggerListener.log 命令行参数：       -Djdk.tls.ephemeralDHKeySize=2048
28-Jan-2021 14:07:49.631 信息 [main] org.apache.catalina.startup.VersionLoggerListener.log 命令行参数：       -Djava.protocol.handler.pkgs=org.apache.catalina.webresources
28-Jan-2021 14:07:49.631 信息 [main] org.apache.catalina.startup.VersionLoggerListener.log 命令行参数：       -Dorg.apache.catalina.security.SecurityListener.UMASK=0027
28-Jan-2021 14:07:49.632 信息 [main] org.apache.catalina.startup.VersionLoggerListener.log 命令行参数：       -Dignore.endorsed.dirs=
28-Jan-2021 14:07:49.632 信息 [main] org.apache.catalina.startup.VersionLoggerListener.log 命令行参数：       -Dcatalina.base=/Users/yichiban/Code/Java/apache-tomcat-8.5.61
28-Jan-2021 14:07:49.632 信息 [main] org.apache.catalina.startup.VersionLoggerListener.log 命令行参数：       -Dcatalina.home=/Users/yichiban/Code/Java/apache-tomcat-8.5.61
28-Jan-2021 14:07:49.632 信息 [main] org.apache.catalina.startup.VersionLoggerListener.log 命令行参数：       -Djava.io.tmpdir=/Users/yichiban/Code/Java/apache-tomcat-8.5.61/temp
28-Jan-2021 14:07:49.632 信息 [main] org.apache.catalina.core.AprLifecycleListener.lifecycleEvent 在java.library.path:[/Users/yichiban/Library/Java/Extensions:/Library/Java/Extensions:/Network/Library/Java/Extensions:/System/Library/Java/Extensions:/usr/lib/java:.]上找不到基于APR的Apache Tomcat本机库，该库允许在生产环境中获得最佳性能
28-Jan-2021 14:07:49.755 信息 [main] org.apache.coyote.AbstractProtocol.init 初始化协议处理器 ["http-nio-8080"]
28-Jan-2021 14:07:49.768 严重 [main] org.apache.catalina.core.StandardService.initInternal Failed to initialize connector [Connector[HTTP/1.1-8080]]
	org.apache.catalina.LifecycleException: 协议处理程序初始化失败
		at org.apache.catalina.connector.Connector.initInternal(Connector.java:1077)
		at org.apache.catalina.util.LifecycleBase.init(LifecycleBase.java:136)
		at org.apache.catalina.core.StandardService.initInternal(StandardService.java:552)
		at org.apache.catalina.util.LifecycleBase.init(LifecycleBase.java:136)
		at org.apache.catalina.core.StandardServer.initInternal(StandardServer.java:848)
		at org.apache.catalina.util.LifecycleBase.init(LifecycleBase.java:136)
		at org.apache.catalina.startup.Catalina.load(Catalina.java:639)
		at org.apache.catalina.startup.Catalina.load(Catalina.java:662)
		at sun.reflect.NativeMethodAccessorImpl.invoke0(Native Method)
		at sun.reflect.NativeMethodAccessorImpl.invoke(NativeMethodAccessorImpl.java:62)
		at sun.reflect.DelegatingMethodAccessorImpl.invoke(DelegatingMethodAccessorImpl.java:43)
		at java.lang.reflect.Method.invoke(Method.java:498)
		at org.apache.catalina.startup.Bootstrap.load(Bootstrap.java:302)
		at org.apache.catalina.startup.Bootstrap.main(Bootstrap.java:472)
	Caused by: java.net.BindException: Address already in use
		at sun.nio.ch.Net.bind0(Native Method)
		at sun.nio.ch.Net.bind(Net.java:444)
		at sun.nio.ch.Net.bind(Net.java:436)
		at sun.nio.ch.ServerSocketChannelImpl.bind(ServerSocketChannelImpl.java:225)
		at sun.nio.ch.ServerSocketAdaptor.bind(ServerSocketAdaptor.java:74)
		at org.apache.tomcat.util.net.NioEndpoint.bind(NioEndpoint.java:223)
		at org.apache.tomcat.util.net.AbstractEndpoint.init(AbstractEndpoint.java:1118)
		at org.apache.tomcat.util.net.AbstractJsseEndpoint.init(AbstractJsseEndpoint.java:222)
		at org.apache.coyote.AbstractProtocol.init(AbstractProtocol.java:599)
		at org.apache.coyote.http11.AbstractHttp11Protocol.init(AbstractHttp11Protocol.java:80)
		at org.apache.catalina.connector.Connector.initInternal(Connector.java:1075)
		... 13 more
28-Jan-2021 14:07:49.769 信息 [main] org.apache.catalina.startup.Catalina.load Initialization processed in 541 ms
28-Jan-2021 14:07:49.792 信息 [main] org.apache.catalina.core.StandardService.startInternal 正在启动服务[Catalina]
28-Jan-2021 14:07:49.792 信息 [main] org.apache.catalina.core.StandardEngine.startInternal Starting Servlet Engine: Apache Tomcat/8.5.61
28-Jan-2021 14:07:49.798 信息 [localhost-startStop-1] org.apache.catalina.startup.HostConfig.deployDirectory 把web 应用程序部署到目录 [/Users/yichiban/Code/Java/apache-tomcat-8.5.61/webapps/docs]
28-Jan-2021 14:07:50.009 信息 [localhost-startStop-1] org.apache.catalina.startup.HostConfig.deployDirectory Web应用程序目录[/Users/yichiban/Code/Java/apache-tomcat-8.5.61/webapps/docs]的部署已在[208]毫秒内完成
28-Jan-2021 14:07:50.010 信息 [localhost-startStop-1] org.apache.catalina.startup.HostConfig.deployDirectory 把web 应用程序部署到目录 [/Users/yichiban/Code/Java/apache-tomcat-8.5.61/webapps/manager]
28-Jan-2021 14:07:50.042 信息 [localhost-startStop-1] org.apache.catalina.startup.HostConfig.deployDirectory Web应用程序目录[/Users/yichiban/Code/Java/apache-tomcat-8.5.61/webapps/manager]的部署已在[33]毫秒内完成
28-Jan-2021 14:07:50.042 信息 [localhost-startStop-1] org.apache.catalina.startup.HostConfig.deployDirectory 把web 应用程序部署到目录 [/Users/yichiban/Code/Java/apache-tomcat-8.5.61/webapps/examples]
28-Jan-2021 14:07:50.314 信息 [localhost-startStop-1] org.apache.catalina.startup.HostConfig.deployDirectory Web应用程序目录[/Users/yichiban/Code/Java/apache-tomcat-8.5.61/webapps/examples]的部署已在[272]毫秒内完成
28-Jan-2021 14:07:50.315 信息 [localhost-startStop-1] org.apache.catalina.startup.HostConfig.deployDirectory 把web 应用程序部署到目录 [/Users/yichiban/Code/Java/apache-tomcat-8.5.61/webapps/ROOT]
28-Jan-2021 14:07:50.331 信息 [localhost-startStop-1] org.apache.catalina.startup.HostConfig.deployDirectory Web应用程序目录[/Users/yichiban/Code/Java/apache-tomcat-8.5.61/webapps/ROOT]的部署已在[16]毫秒内完成
28-Jan-2021 14:07:50.331 信息 [localhost-startStop-1] org.apache.catalina.startup.HostConfig.deployDirectory 把web 应用程序部署到目录 [/Users/yichiban/Code/Java/apache-tomcat-8.5.61/webapps/host-manager]
28-Jan-2021 14:07:50.351 信息 [localhost-startStop-1] org.apache.catalina.startup.HostConfig.deployDirectory Web应用程序目录[/Users/yichiban/Code/Java/apache-tomcat-8.5.61/webapps/host-manager]的部署已在[20]毫秒内完成
28-Jan-2021 14:07:50.354 信息 [main] org.apache.catalina.startup.Catalina.start Server startup in 584 ms
28-Jan-2021 14:07:50.358 严重 [main] org.apache.catalina.core.StandardServer.await StandardServer.await: create[localhost:8005]: 
	java.net.BindException: Address already in use (Bind failed)
		at java.net.PlainSocketImpl.socketBind(Native Method)
		at java.net.AbstractPlainSocketImpl.bind(AbstractPlainSocketImpl.java:513)
		at java.net.ServerSocket.bind(ServerSocket.java:375)
		at java.net.ServerSocket.<init>(ServerSocket.java:237)
		at org.apache.catalina.core.StandardServer.await(StandardServer.java:421)
		at org.apache.catalina.startup.Catalina.await(Catalina.java:776)
		at org.apache.catalina.startup.Catalina.start(Catalina.java:722)
		at sun.reflect.NativeMethodAccessorImpl.invoke0(Native Method)
		at sun.reflect.NativeMethodAccessorImpl.invoke(NativeMethodAccessorImpl.java:62)
		at sun.reflect.DelegatingMethodAccessorImpl.invoke(DelegatingMethodAccessorImpl.java:43)
		at java.lang.reflect.Method.invoke(Method.java:498)
		at org.apache.catalina.startup.Bootstrap.start(Bootstrap.java:342)
		at org.apache.catalina.startup.Bootstrap.main(Bootstrap.java:473)
28-Jan-2021 14:07:50.358 信息 [main] org.apache.coyote.AbstractProtocol.pause 暂停ProtocolHandler["http-nio-8080"]
28-Jan-2021 14:07:50.359 信息 [main] org.apache.catalina.core.StandardService.stopInternal 正在停止服务[Catalina]
28-Jan-2021 14:07:50.380 信息 [main] org.apache.coyote.AbstractProtocol.stop 正在停止ProtocolHandler ["http-nio-8080"]
28-Jan-2021 14:07:50.381 信息 [main] org.apache.coyote.AbstractProtocol.destroy 正在摧毁协议处理器 ["http-nio-8080"]
28-Jan-2021 14:08:18.644 信息 [main] org.apache.catalina.startup.VersionLoggerListener.log Server.服务器版本: Apache Tomcat/8.5.61
28-Jan-2021 14:08:18.647 信息 [main] org.apache.catalina.startup.VersionLoggerListener.log 服务器构建:        Dec 3 2020 14:03:28 UTC
28-Jan-2021 14:08:18.647 信息 [main] org.apache.catalina.startup.VersionLoggerListener.log 服务器版本号:      8.5.61.0
28-Jan-2021 14:08:18.647 信息 [main] org.apache.catalina.startup.VersionLoggerListener.log 操作系统名称:      Mac OS X
28-Jan-2021 14:08:18.647 信息 [main] org.apache.catalina.startup.VersionLoggerListener.log OS.版本:           10.15.7
28-Jan-2021 14:08:18.647 信息 [main] org.apache.catalina.startup.VersionLoggerListener.log 架构:              x86_64
28-Jan-2021 14:08:18.648 信息 [main] org.apache.catalina.startup.VersionLoggerListener.log Java 环境变量:     /Library/Java/JavaVirtualMachines/jdk1.8.0_261.jdk/Contents/Home/jre
28-Jan-2021 14:08:18.648 信息 [main] org.apache.catalina.startup.VersionLoggerListener.log Java虚拟机版本:    1.8.0_261-b12
28-Jan-2021 14:08:18.648 信息 [main] org.apache.catalina.startup.VersionLoggerListener.log JVM.供应商:        Oracle Corporation
28-Jan-2021 14:08:18.648 信息 [main] org.apache.catalina.startup.VersionLoggerListener.log CATALINA_BASE:     /Users/yichiban/Code/Java/apache-tomcat-8.5.61
28-Jan-2021 14:08:18.648 信息 [main] org.apache.catalina.startup.VersionLoggerListener.log CATALINA_HOME:     /Users/yichiban/Code/Java/apache-tomcat-8.5.61
28-Jan-2021 14:08:18.650 信息 [main] org.apache.catalina.startup.VersionLoggerListener.log 命令行参数：       -Djava.util.logging.config.file=/Users/yichiban/Code/Java/apache-tomcat-8.5.61/conf/logging.properties
28-Jan-2021 14:08:18.650 信息 [main] org.apache.catalina.startup.VersionLoggerListener.log 命令行参数：       -Djava.util.logging.manager=org.apache.juli.ClassLoaderLogManager
28-Jan-2021 14:08:18.650 信息 [main] org.apache.catalina.startup.VersionLoggerListener.log 命令行参数：       -Djdk.tls.ephemeralDHKeySize=2048
28-Jan-2021 14:08:18.650 信息 [main] org.apache.catalina.startup.VersionLoggerListener.log 命令行参数：       -Djava.protocol.handler.pkgs=org.apache.catalina.webresources
28-Jan-2021 14:08:18.650 信息 [main] org.apache.catalina.startup.VersionLoggerListener.log 命令行参数：       -Dorg.apache.catalina.security.SecurityListener.UMASK=0027
28-Jan-2021 14:08:18.650 信息 [main] org.apache.catalina.startup.VersionLoggerListener.log 命令行参数：       -Dignore.endorsed.dirs=
28-Jan-2021 14:08:18.652 信息 [main] org.apache.catalina.startup.VersionLoggerListener.log 命令行参数：       -Dcatalina.base=/Users/yichiban/Code/Java/apache-tomcat-8.5.61
28-Jan-2021 14:08:18.652 信息 [main] org.apache.catalina.startup.VersionLoggerListener.log 命令行参数：       -Dcatalina.home=/Users/yichiban/Code/Java/apache-tomcat-8.5.61
28-Jan-2021 14:08:18.652 信息 [main] org.apache.catalina.startup.VersionLoggerListener.log 命令行参数：       -Djava.io.tmpdir=/Users/yichiban/Code/Java/apache-tomcat-8.5.61/temp
28-Jan-2021 14:08:18.652 信息 [main] org.apache.catalina.core.AprLifecycleListener.lifecycleEvent 在java.library.path:[/Users/yichiban/Library/Java/Extensions:/Library/Java/Extensions:/Network/Library/Java/Extensions:/System/Library/Java/Extensions:/usr/lib/java:.]上找不到基于APR的Apache Tomcat本机库，该库允许在生产环境中获得最佳性能
28-Jan-2021 14:08:18.784 信息 [main] org.apache.coyote.AbstractProtocol.init 初始化协议处理器 ["http-nio-8080"]
28-Jan-2021 14:08:18.798 严重 [main] org.apache.catalina.core.StandardService.initInternal Failed to initialize connector [Connector[HTTP/1.1-8080]]
	org.apache.catalina.LifecycleException: 协议处理程序初始化失败
		at org.apache.catalina.connector.Connector.initInternal(Connector.java:1077)
		at org.apache.catalina.util.LifecycleBase.init(LifecycleBase.java:136)
		at org.apache.catalina.core.StandardService.initInternal(StandardService.java:552)
		at org.apache.catalina.util.LifecycleBase.init(LifecycleBase.java:136)
		at org.apache.catalina.core.StandardServer.initInternal(StandardServer.java:848)
		at org.apache.catalina.util.LifecycleBase.init(LifecycleBase.java:136)
		at org.apache.catalina.startup.Catalina.load(Catalina.java:639)
		at org.apache.catalina.startup.Catalina.load(Catalina.java:662)
		at sun.reflect.NativeMethodAccessorImpl.invoke0(Native Method)
		at sun.reflect.NativeMethodAccessorImpl.invoke(NativeMethodAccessorImpl.java:62)
		at sun.reflect.DelegatingMethodAccessorImpl.invoke(DelegatingMethodAccessorImpl.java:43)
		at java.lang.reflect.Method.invoke(Method.java:498)
		at org.apache.catalina.startup.Bootstrap.load(Bootstrap.java:302)
		at org.apache.catalina.startup.Bootstrap.main(Bootstrap.java:472)
	Caused by: java.net.BindException: Address already in use
		at sun.nio.ch.Net.bind0(Native Method)
		at sun.nio.ch.Net.bind(Net.java:444)
		at sun.nio.ch.Net.bind(Net.java:436)
		at sun.nio.ch.ServerSocketChannelImpl.bind(ServerSocketChannelImpl.java:225)
		at sun.nio.ch.ServerSocketAdaptor.bind(ServerSocketAdaptor.java:74)
		at org.apache.tomcat.util.net.NioEndpoint.bind(NioEndpoint.java:223)
		at org.apache.tomcat.util.net.AbstractEndpoint.init(AbstractEndpoint.java:1118)
		at org.apache.tomcat.util.net.AbstractJsseEndpoint.init(AbstractJsseEndpoint.java:222)
		at org.apache.coyote.AbstractProtocol.init(AbstractProtocol.java:599)
		at org.apache.coyote.http11.AbstractHttp11Protocol.init(AbstractHttp11Protocol.java:80)
		at org.apache.catalina.connector.Connector.initInternal(Connector.java:1075)
		... 13 more
28-Jan-2021 14:08:18.799 信息 [main] org.apache.catalina.startup.Catalina.load Initialization processed in 550 ms
28-Jan-2021 14:08:18.823 信息 [main] org.apache.catalina.core.StandardService.startInternal 正在启动服务[Catalina]
28-Jan-2021 14:08:18.823 信息 [main] org.apache.catalina.core.StandardEngine.startInternal Starting Servlet Engine: Apache Tomcat/8.5.61
28-Jan-2021 14:08:18.831 信息 [localhost-startStop-1] org.apache.catalina.startup.HostConfig.deployDirectory 把web 应用程序部署到目录 [/Users/yichiban/Code/Java/apache-tomcat-8.5.61/webapps/docs]
28-Jan-2021 14:08:19.047 信息 [localhost-startStop-1] org.apache.catalina.startup.HostConfig.deployDirectory Web应用程序目录[/Users/yichiban/Code/Java/apache-tomcat-8.5.61/webapps/docs]的部署已在[214]毫秒内完成
28-Jan-2021 14:08:19.047 信息 [localhost-startStop-1] org.apache.catalina.startup.HostConfig.deployDirectory 把web 应用程序部署到目录 [/Users/yichiban/Code/Java/apache-tomcat-8.5.61/webapps/manager]
28-Jan-2021 14:08:19.089 信息 [localhost-startStop-1] org.apache.catalina.startup.HostConfig.deployDirectory Web应用程序目录[/Users/yichiban/Code/Java/apache-tomcat-8.5.61/webapps/manager]的部署已在[42]毫秒内完成
28-Jan-2021 14:08:19.089 信息 [localhost-startStop-1] org.apache.catalina.startup.HostConfig.deployDirectory 把web 应用程序部署到目录 [/Users/yichiban/Code/Java/apache-tomcat-8.5.61/webapps/examples]
28-Jan-2021 14:08:19.310 信息 [localhost-startStop-1] org.apache.catalina.startup.HostConfig.deployDirectory Web应用程序目录[/Users/yichiban/Code/Java/apache-tomcat-8.5.61/webapps/examples]的部署已在[221]毫秒内完成
28-Jan-2021 14:08:19.311 信息 [localhost-startStop-1] org.apache.catalina.startup.HostConfig.deployDirectory 把web 应用程序部署到目录 [/Users/yichiban/Code/Java/apache-tomcat-8.5.61/webapps/ROOT]
28-Jan-2021 14:08:19.323 信息 [localhost-startStop-1] org.apache.catalina.startup.HostConfig.deployDirectory Web应用程序目录[/Users/yichiban/Code/Java/apache-tomcat-8.5.61/webapps/ROOT]的部署已在[13]毫秒内完成
28-Jan-2021 14:08:19.323 信息 [localhost-startStop-1] org.apache.catalina.startup.HostConfig.deployDirectory 把web 应用程序部署到目录 [/Users/yichiban/Code/Java/apache-tomcat-8.5.61/webapps/host-manager]
28-Jan-2021 14:08:19.337 信息 [localhost-startStop-1] org.apache.catalina.startup.HostConfig.deployDirectory Web应用程序目录[/Users/yichiban/Code/Java/apache-tomcat-8.5.61/webapps/host-manager]的部署已在[14]毫秒内完成
28-Jan-2021 14:08:19.340 信息 [main] org.apache.catalina.startup.Catalina.start Server startup in 540 ms
28-Jan-2021 14:08:19.343 严重 [main] org.apache.catalina.core.StandardServer.await StandardServer.await: create[localhost:8005]: 
	java.net.BindException: Address already in use (Bind failed)
		at java.net.PlainSocketImpl.socketBind(Native Method)
		at java.net.AbstractPlainSocketImpl.bind(AbstractPlainSocketImpl.java:513)
		at java.net.ServerSocket.bind(ServerSocket.java:375)
		at java.net.ServerSocket.<init>(ServerSocket.java:237)
		at org.apache.catalina.core.StandardServer.await(StandardServer.java:421)
		at org.apache.catalina.startup.Catalina.await(Catalina.java:776)
		at org.apache.catalina.startup.Catalina.start(Catalina.java:722)
		at sun.reflect.NativeMethodAccessorImpl.invoke0(Native Method)
		at sun.reflect.NativeMethodAccessorImpl.invoke(NativeMethodAccessorImpl.java:62)
		at sun.reflect.DelegatingMethodAccessorImpl.invoke(DelegatingMethodAccessorImpl.java:43)
		at java.lang.reflect.Method.invoke(Method.java:498)
		at org.apache.catalina.startup.Bootstrap.start(Bootstrap.java:342)
		at org.apache.catalina.startup.Bootstrap.main(Bootstrap.java:473)
28-Jan-2021 14:08:19.343 信息 [main] org.apache.coyote.AbstractProtocol.pause 暂停ProtocolHandler["http-nio-8080"]
28-Jan-2021 14:08:19.343 信息 [main] org.apache.catalina.core.StandardService.stopInternal 正在停止服务[Catalina]
28-Jan-2021 14:08:19.359 信息 [main] org.apache.coyote.AbstractProtocol.stop 正在停止ProtocolHandler ["http-nio-8080"]
28-Jan-2021 14:08:19.360 信息 [main] org.apache.coyote.AbstractProtocol.destroy 正在摧毁协议处理器 ["http-nio-8080"]
28-Jan-2021 14:09:44.012 警告 [main] org.apache.catalina.core.StandardServer.await 收到无效的关闭命令[]
28-Jan-2021 14:09:59.854 信息 [main] org.apache.catalina.core.StandardServer.await 通过关闭端口接收到有效的关闭命令。正在停止服务器实例。
28-Jan-2021 14:09:59.854 信息 [main] org.apache.coyote.AbstractProtocol.pause 暂停ProtocolHandler["http-nio-8080"]
28-Jan-2021 14:09:59.864 信息 [main] org.apache.catalina.core.StandardService.stopInternal 正在停止服务[Catalina]
28-Jan-2021 14:09:59.884 信息 [main] org.apache.coyote.AbstractProtocol.stop 正在停止ProtocolHandler ["http-nio-8080"]
28-Jan-2021 14:09:59.886 信息 [main] org.apache.coyote.AbstractProtocol.destroy 正在摧毁协议处理器 ["http-nio-8080"]
28-Jan-2021 14:10:05.953 信息 [main] org.apache.catalina.startup.VersionLoggerListener.log Server.服务器版本: Apache Tomcat/8.5.61
28-Jan-2021 14:10:05.957 信息 [main] org.apache.catalina.startup.VersionLoggerListener.log 服务器构建:        Dec 3 2020 14:03:28 UTC
28-Jan-2021 14:10:05.957 信息 [main] org.apache.catalina.startup.VersionLoggerListener.log 服务器版本号:      8.5.61.0
28-Jan-2021 14:10:05.957 信息 [main] org.apache.catalina.startup.VersionLoggerListener.log 操作系统名称:      Mac OS X
28-Jan-2021 14:10:05.957 信息 [main] org.apache.catalina.startup.VersionLoggerListener.log OS.版本:           10.15.7
28-Jan-2021 14:10:05.957 信息 [main] org.apache.catalina.startup.VersionLoggerListener.log 架构:              x86_64
28-Jan-2021 14:10:05.957 信息 [main] org.apache.catalina.startup.VersionLoggerListener.log Java 环境变量:     /Library/Java/JavaVirtualMachines/jdk1.8.0_261.jdk/Contents/Home/jre
28-Jan-2021 14:10:05.957 信息 [main] org.apache.catalina.startup.VersionLoggerListener.log Java虚拟机版本:    1.8.0_261-b12
28-Jan-2021 14:10:05.957 信息 [main] org.apache.catalina.startup.VersionLoggerListener.log JVM.供应商:        Oracle Corporation
28-Jan-2021 14:10:05.957 信息 [main] org.apache.catalina.startup.VersionLoggerListener.log CATALINA_BASE:     /Users/yichiban/Code/Java/apache-tomcat-8.5.61
28-Jan-2021 14:10:05.958 信息 [main] org.apache.catalina.startup.VersionLoggerListener.log CATALINA_HOME:     /Users/yichiban/Code/Java/apache-tomcat-8.5.61
28-Jan-2021 14:10:05.958 信息 [main] org.apache.catalina.startup.VersionLoggerListener.log 命令行参数：       -Djava.util.logging.config.file=/Users/yichiban/Code/Java/apache-tomcat-8.5.61/conf/logging.properties
28-Jan-2021 14:10:05.958 信息 [main] org.apache.catalina.startup.VersionLoggerListener.log 命令行参数：       -Djava.util.logging.manager=org.apache.juli.ClassLoaderLogManager
28-Jan-2021 14:10:05.959 信息 [main] org.apache.catalina.startup.VersionLoggerListener.log 命令行参数：       -Djdk.tls.ephemeralDHKeySize=2048
28-Jan-2021 14:10:05.959 信息 [main] org.apache.catalina.startup.VersionLoggerListener.log 命令行参数：       -Djava.protocol.handler.pkgs=org.apache.catalina.webresources
28-Jan-2021 14:10:05.959 信息 [main] org.apache.catalina.startup.VersionLoggerListener.log 命令行参数：       -Dorg.apache.catalina.security.SecurityListener.UMASK=0027
28-Jan-2021 14:10:05.959 信息 [main] org.apache.catalina.startup.VersionLoggerListener.log 命令行参数：       -Dignore.endorsed.dirs=
28-Jan-2021 14:10:05.961 信息 [main] org.apache.catalina.startup.VersionLoggerListener.log 命令行参数：       -Dcatalina.base=/Users/yichiban/Code/Java/apache-tomcat-8.5.61
28-Jan-2021 14:10:05.961 信息 [main] org.apache.catalina.startup.VersionLoggerListener.log 命令行参数：       -Dcatalina.home=/Users/yichiban/Code/Java/apache-tomcat-8.5.61
28-Jan-2021 14:10:05.961 信息 [main] org.apache.catalina.startup.VersionLoggerListener.log 命令行参数：       -Djava.io.tmpdir=/Users/yichiban/Code/Java/apache-tomcat-8.5.61/temp
28-Jan-2021 14:10:05.961 信息 [main] org.apache.catalina.core.AprLifecycleListener.lifecycleEvent 在java.library.path:[/Users/yichiban/Library/Java/Extensions:/Library/Java/Extensions:/Network/Library/Java/Extensions:/System/Library/Java/Extensions:/usr/lib/java:.]上找不到基于APR的Apache Tomcat本机库，该库允许在生产环境中获得最佳性能
28-Jan-2021 14:10:06.090 信息 [main] org.apache.coyote.AbstractProtocol.init 初始化协议处理器 ["http-nio-9091"]
28-Jan-2021 14:10:06.104 严重 [main] org.apache.catalina.core.StandardService.initInternal Failed to initialize connector [Connector[HTTP/1.1-9091]]
	org.apache.catalina.LifecycleException: 协议处理程序初始化失败
		at org.apache.catalina.connector.Connector.initInternal(Connector.java:1077)
		at org.apache.catalina.util.LifecycleBase.init(LifecycleBase.java:136)
		at org.apache.catalina.core.StandardService.initInternal(StandardService.java:552)
		at org.apache.catalina.util.LifecycleBase.init(LifecycleBase.java:136)
		at org.apache.catalina.core.StandardServer.initInternal(StandardServer.java:848)
		at org.apache.catalina.util.LifecycleBase.init(LifecycleBase.java:136)
		at org.apache.catalina.startup.Catalina.load(Catalina.java:639)
		at org.apache.catalina.startup.Catalina.load(Catalina.java:662)
		at sun.reflect.NativeMethodAccessorImpl.invoke0(Native Method)
		at sun.reflect.NativeMethodAccessorImpl.invoke(NativeMethodAccessorImpl.java:62)
		at sun.reflect.DelegatingMethodAccessorImpl.invoke(DelegatingMethodAccessorImpl.java:43)
		at java.lang.reflect.Method.invoke(Method.java:498)
		at org.apache.catalina.startup.Bootstrap.load(Bootstrap.java:302)
		at org.apache.catalina.startup.Bootstrap.main(Bootstrap.java:472)
	Caused by: java.net.BindException: Address already in use
		at sun.nio.ch.Net.bind0(Native Method)
		at sun.nio.ch.Net.bind(Net.java:444)
		at sun.nio.ch.Net.bind(Net.java:436)
		at sun.nio.ch.ServerSocketChannelImpl.bind(ServerSocketChannelImpl.java:225)
		at sun.nio.ch.ServerSocketAdaptor.bind(ServerSocketAdaptor.java:74)
		at org.apache.tomcat.util.net.NioEndpoint.bind(NioEndpoint.java:223)
		at org.apache.tomcat.util.net.AbstractEndpoint.init(AbstractEndpoint.java:1118)
		at org.apache.tomcat.util.net.AbstractJsseEndpoint.init(AbstractJsseEndpoint.java:222)
		at org.apache.coyote.AbstractProtocol.init(AbstractProtocol.java:599)
		at org.apache.coyote.http11.AbstractHttp11Protocol.init(AbstractHttp11Protocol.java:80)
		at org.apache.catalina.connector.Connector.initInternal(Connector.java:1075)
		... 13 more
28-Jan-2021 14:10:06.105 信息 [main] org.apache.catalina.startup.Catalina.load Initialization processed in 535 ms
28-Jan-2021 14:10:06.127 信息 [main] org.apache.catalina.core.StandardService.startInternal 正在启动服务[Catalina]
28-Jan-2021 14:10:06.127 信息 [main] org.apache.catalina.core.StandardEngine.startInternal Starting Servlet Engine: Apache Tomcat/8.5.61
28-Jan-2021 14:10:06.135 信息 [localhost-startStop-1] org.apache.catalina.startup.HostConfig.deployDirectory 把web 应用程序部署到目录 [/Users/yichiban/Code/Java/apache-tomcat-8.5.61/webapps/docs]
28-Jan-2021 14:10:06.341 信息 [localhost-startStop-1] org.apache.catalina.startup.HostConfig.deployDirectory Web应用程序目录[/Users/yichiban/Code/Java/apache-tomcat-8.5.61/webapps/docs]的部署已在[204]毫秒内完成
28-Jan-2021 14:10:06.342 信息 [localhost-startStop-1] org.apache.catalina.startup.HostConfig.deployDirectory 把web 应用程序部署到目录 [/Users/yichiban/Code/Java/apache-tomcat-8.5.61/webapps/manager]
28-Jan-2021 14:10:06.373 信息 [localhost-startStop-1] org.apache.catalina.startup.HostConfig.deployDirectory Web应用程序目录[/Users/yichiban/Code/Java/apache-tomcat-8.5.61/webapps/manager]的部署已在[32]毫秒内完成
28-Jan-2021 14:10:06.374 信息 [localhost-startStop-1] org.apache.catalina.startup.HostConfig.deployDirectory 把web 应用程序部署到目录 [/Users/yichiban/Code/Java/apache-tomcat-8.5.61/webapps/examples]
28-Jan-2021 14:10:06.614 信息 [localhost-startStop-1] org.apache.catalina.startup.HostConfig.deployDirectory Web应用程序目录[/Users/yichiban/Code/Java/apache-tomcat-8.5.61/webapps/examples]的部署已在[240]毫秒内完成
28-Jan-2021 14:10:06.614 信息 [localhost-startStop-1] org.apache.catalina.startup.HostConfig.deployDirectory 把web 应用程序部署到目录 [/Users/yichiban/Code/Java/apache-tomcat-8.5.61/webapps/ROOT]
28-Jan-2021 14:10:06.629 信息 [localhost-startStop-1] org.apache.catalina.startup.HostConfig.deployDirectory Web应用程序目录[/Users/yichiban/Code/Java/apache-tomcat-8.5.61/webapps/ROOT]的部署已在[15]毫秒内完成
28-Jan-2021 14:10:06.629 信息 [localhost-startStop-1] org.apache.catalina.startup.HostConfig.deployDirectory 把web 应用程序部署到目录 [/Users/yichiban/Code/Java/apache-tomcat-8.5.61/webapps/host-manager]
28-Jan-2021 14:10:06.646 信息 [localhost-startStop-1] org.apache.catalina.startup.HostConfig.deployDirectory Web应用程序目录[/Users/yichiban/Code/Java/apache-tomcat-8.5.61/webapps/host-manager]的部署已在[16]毫秒内完成
28-Jan-2021 14:10:06.648 信息 [main] org.apache.catalina.startup.Catalina.start Server startup in 542 ms
28-Jan-2021 14:11:39.378 信息 [main] org.apache.catalina.core.StandardServer.await 通过关闭端口接收到有效的关闭命令。正在停止服务器实例。
28-Jan-2021 14:11:39.379 信息 [main] org.apache.coyote.AbstractProtocol.pause 暂停ProtocolHandler["http-nio-9091"]
28-Jan-2021 14:11:39.379 信息 [main] org.apache.catalina.core.StandardService.stopInternal 正在停止服务[Catalina]
28-Jan-2021 14:11:39.396 信息 [main] org.apache.coyote.AbstractProtocol.stop 正在停止ProtocolHandler ["http-nio-9091"]
28-Jan-2021 14:11:39.397 信息 [main] org.apache.coyote.AbstractProtocol.destroy 正在摧毁协议处理器 ["http-nio-9091"]
28-Jan-2021 14:11:53.397 信息 [main] org.apache.catalina.startup.VersionLoggerListener.log Server.服务器版本: Apache Tomcat/8.5.61
28-Jan-2021 14:11:53.400 信息 [main] org.apache.catalina.startup.VersionLoggerListener.log 服务器构建:        Dec 3 2020 14:03:28 UTC
28-Jan-2021 14:11:53.400 信息 [main] org.apache.catalina.startup.VersionLoggerListener.log 服务器版本号:      8.5.61.0
28-Jan-2021 14:11:53.400 信息 [main] org.apache.catalina.startup.VersionLoggerListener.log 操作系统名称:      Mac OS X
28-Jan-2021 14:11:53.400 信息 [main] org.apache.catalina.startup.VersionLoggerListener.log OS.版本:           10.15.7
28-Jan-2021 14:11:53.400 信息 [main] org.apache.catalina.startup.VersionLoggerListener.log 架构:              x86_64
28-Jan-2021 14:11:53.400 信息 [main] org.apache.catalina.startup.VersionLoggerListener.log Java 环境变量:     /Library/Java/JavaVirtualMachines/jdk1.8.0_261.jdk/Contents/Home/jre
28-Jan-2021 14:11:53.401 信息 [main] org.apache.catalina.startup.VersionLoggerListener.log Java虚拟机版本:    1.8.0_261-b12
28-Jan-2021 14:11:53.401 信息 [main] org.apache.catalina.startup.VersionLoggerListener.log JVM.供应商:        Oracle Corporation
28-Jan-2021 14:11:53.401 信息 [main] org.apache.catalina.startup.VersionLoggerListener.log CATALINA_BASE:     /Users/yichiban/Code/Java/apache-tomcat-8.5.61
28-Jan-2021 14:11:53.403 信息 [main] org.apache.catalina.startup.VersionLoggerListener.log CATALINA_HOME:     /Users/yichiban/Code/Java/apache-tomcat-8.5.61
28-Jan-2021 14:11:53.405 信息 [main] org.apache.catalina.startup.VersionLoggerListener.log 命令行参数：       -Djava.util.logging.config.file=/Users/yichiban/Code/Java/apache-tomcat-8.5.61/conf/logging.properties
28-Jan-2021 14:11:53.405 信息 [main] org.apache.catalina.startup.VersionLoggerListener.log 命令行参数：       -Djava.util.logging.manager=org.apache.juli.ClassLoaderLogManager
28-Jan-2021 14:11:53.405 信息 [main] org.apache.catalina.startup.VersionLoggerListener.log 命令行参数：       -Djdk.tls.ephemeralDHKeySize=2048
28-Jan-2021 14:11:53.405 信息 [main] org.apache.catalina.startup.VersionLoggerListener.log 命令行参数：       -Djava.protocol.handler.pkgs=org.apache.catalina.webresources
28-Jan-2021 14:11:53.405 信息 [main] org.apache.catalina.startup.VersionLoggerListener.log 命令行参数：       -Dorg.apache.catalina.security.SecurityListener.UMASK=0027
28-Jan-2021 14:11:53.405 信息 [main] org.apache.catalina.startup.VersionLoggerListener.log 命令行参数：       -Dignore.endorsed.dirs=
28-Jan-2021 14:11:53.406 信息 [main] org.apache.catalina.startup.VersionLoggerListener.log 命令行参数：       -Dcatalina.base=/Users/yichiban/Code/Java/apache-tomcat-8.5.61
28-Jan-2021 14:11:53.407 信息 [main] org.apache.catalina.startup.VersionLoggerListener.log 命令行参数：       -Dcatalina.home=/Users/yichiban/Code/Java/apache-tomcat-8.5.61
28-Jan-2021 14:11:53.407 信息 [main] org.apache.catalina.startup.VersionLoggerListener.log 命令行参数：       -Djava.io.tmpdir=/Users/yichiban/Code/Java/apache-tomcat-8.5.61/temp
28-Jan-2021 14:11:53.407 信息 [main] org.apache.catalina.core.AprLifecycleListener.lifecycleEvent 在java.library.path:[/Users/yichiban/Library/Java/Extensions:/Library/Java/Extensions:/Network/Library/Java/Extensions:/System/Library/Java/Extensions:/usr/lib/java:.]上找不到基于APR的Apache Tomcat本机库，该库允许在生产环境中获得最佳性能
28-Jan-2021 14:11:53.527 信息 [main] org.apache.coyote.AbstractProtocol.init 初始化协议处理器 ["http-nio-9091"]
28-Jan-2021 14:11:53.544 信息 [main] org.apache.tomcat.util.net.NioSelectorPool.getSharedSelector Using a shared selector for servlet write/read
28-Jan-2021 14:11:53.556 信息 [main] org.apache.catalina.startup.Catalina.load Initialization processed in 571 ms
28-Jan-2021 14:11:53.578 信息 [main] org.apache.catalina.core.StandardService.startInternal 正在启动服务[Catalina]
28-Jan-2021 14:11:53.579 信息 [main] org.apache.catalina.core.StandardEngine.startInternal Starting Servlet Engine: Apache Tomcat/8.5.61
28-Jan-2021 14:11:53.585 信息 [localhost-startStop-1] org.apache.catalina.startup.HostConfig.deployDirectory 把web 应用程序部署到目录 [/Users/yichiban/Code/Java/apache-tomcat-8.5.61/webapps/docs]
28-Jan-2021 14:11:53.785 信息 [localhost-startStop-1] org.apache.catalina.startup.HostConfig.deployDirectory Web应用程序目录[/Users/yichiban/Code/Java/apache-tomcat-8.5.61/webapps/docs]的部署已在[198]毫秒内完成
28-Jan-2021 14:11:53.786 信息 [localhost-startStop-1] org.apache.catalina.startup.HostConfig.deployDirectory 把web 应用程序部署到目录 [/Users/yichiban/Code/Java/apache-tomcat-8.5.61/webapps/manager]
28-Jan-2021 14:11:53.813 信息 [localhost-startStop-1] org.apache.catalina.startup.HostConfig.deployDirectory Web应用程序目录[/Users/yichiban/Code/Java/apache-tomcat-8.5.61/webapps/manager]的部署已在[27]毫秒内完成
28-Jan-2021 14:11:53.813 信息 [localhost-startStop-1] org.apache.catalina.startup.HostConfig.deployDirectory 把web 应用程序部署到目录 [/Users/yichiban/Code/Java/apache-tomcat-8.5.61/webapps/examples]
28-Jan-2021 14:11:54.027 信息 [localhost-startStop-1] org.apache.catalina.startup.HostConfig.deployDirectory Web应用程序目录[/Users/yichiban/Code/Java/apache-tomcat-8.5.61/webapps/examples]的部署已在[214]毫秒内完成
28-Jan-2021 14:11:54.028 信息 [localhost-startStop-1] org.apache.catalina.startup.HostConfig.deployDirectory 把web 应用程序部署到目录 [/Users/yichiban/Code/Java/apache-tomcat-8.5.61/webapps/ROOT]
28-Jan-2021 14:11:54.039 信息 [localhost-startStop-1] org.apache.catalina.startup.HostConfig.deployDirectory Web应用程序目录[/Users/yichiban/Code/Java/apache-tomcat-8.5.61/webapps/ROOT]的部署已在[12]毫秒内完成
28-Jan-2021 14:11:54.039 信息 [localhost-startStop-1] org.apache.catalina.startup.HostConfig.deployDirectory 把web 应用程序部署到目录 [/Users/yichiban/Code/Java/apache-tomcat-8.5.61/webapps/host-manager]
28-Jan-2021 14:11:54.053 信息 [localhost-startStop-1] org.apache.catalina.startup.HostConfig.deployDirectory Web应用程序目录[/Users/yichiban/Code/Java/apache-tomcat-8.5.61/webapps/host-manager]的部署已在[14]毫秒内完成
28-Jan-2021 14:11:54.054 信息 [main] org.apache.coyote.AbstractProtocol.start 开始协议处理句柄["http-nio-9091"]
28-Jan-2021 14:11:54.061 信息 [main] org.apache.catalina.startup.Catalina.start Server startup in 504 ms
28-Jan-2021 14:11:55.119 信息 [main] org.apache.catalina.startup.VersionLoggerListener.log Server.服务器版本: Apache Tomcat/8.5.61
28-Jan-2021 14:11:55.122 信息 [main] org.apache.catalina.startup.VersionLoggerListener.log 服务器构建:        Dec 3 2020 14:03:28 UTC
28-Jan-2021 14:11:55.122 信息 [main] org.apache.catalina.startup.VersionLoggerListener.log 服务器版本号:      8.5.61.0
28-Jan-2021 14:11:55.122 信息 [main] org.apache.catalina.startup.VersionLoggerListener.log 操作系统名称:      Mac OS X
28-Jan-2021 14:11:55.122 信息 [main] org.apache.catalina.startup.VersionLoggerListener.log OS.版本:           10.15.7
28-Jan-2021 14:11:55.122 信息 [main] org.apache.catalina.startup.VersionLoggerListener.log 架构:              x86_64
28-Jan-2021 14:11:55.122 信息 [main] org.apache.catalina.startup.VersionLoggerListener.log Java 环境变量:     /Library/Java/JavaVirtualMachines/jdk1.8.0_261.jdk/Contents/Home/jre
28-Jan-2021 14:11:55.122 信息 [main] org.apache.catalina.startup.VersionLoggerListener.log Java虚拟机版本:    1.8.0_261-b12
28-Jan-2021 14:11:55.122 信息 [main] org.apache.catalina.startup.VersionLoggerListener.log JVM.供应商:        Oracle Corporation
28-Jan-2021 14:11:55.123 信息 [main] org.apache.catalina.startup.VersionLoggerListener.log CATALINA_BASE:     /Users/yichiban/Code/Java/apache-tomcat-8.5.61
28-Jan-2021 14:11:55.125 信息 [main] org.apache.catalina.startup.VersionLoggerListener.log CATALINA_HOME:     /Users/yichiban/Code/Java/apache-tomcat-8.5.61
28-Jan-2021 14:11:55.126 信息 [main] org.apache.catalina.startup.VersionLoggerListener.log 命令行参数：       -Djava.util.logging.config.file=/Users/yichiban/Code/Java/apache-tomcat-8.5.61/conf/logging.properties
28-Jan-2021 14:11:55.126 信息 [main] org.apache.catalina.startup.VersionLoggerListener.log 命令行参数：       -Djava.util.logging.manager=org.apache.juli.ClassLoaderLogManager
28-Jan-2021 14:11:55.127 信息 [main] org.apache.catalina.startup.VersionLoggerListener.log 命令行参数：       -Djdk.tls.ephemeralDHKeySize=2048
28-Jan-2021 14:11:55.127 信息 [main] org.apache.catalina.startup.VersionLoggerListener.log 命令行参数：       -Djava.protocol.handler.pkgs=org.apache.catalina.webresources
28-Jan-2021 14:11:55.127 信息 [main] org.apache.catalina.startup.VersionLoggerListener.log 命令行参数：       -Dorg.apache.catalina.security.SecurityListener.UMASK=0027
28-Jan-2021 14:11:55.127 信息 [main] org.apache.catalina.startup.VersionLoggerListener.log 命令行参数：       -Dignore.endorsed.dirs=
28-Jan-2021 14:11:55.127 信息 [main] org.apache.catalina.startup.VersionLoggerListener.log 命令行参数：       -Dcatalina.base=/Users/yichiban/Code/Java/apache-tomcat-8.5.61
28-Jan-2021 14:11:55.127 信息 [main] org.apache.catalina.startup.VersionLoggerListener.log 命令行参数：       -Dcatalina.home=/Users/yichiban/Code/Java/apache-tomcat-8.5.61
28-Jan-2021 14:11:55.127 信息 [main] org.apache.catalina.startup.VersionLoggerListener.log 命令行参数：       -Djava.io.tmpdir=/Users/yichiban/Code/Java/apache-tomcat-8.5.61/temp
28-Jan-2021 14:11:55.127 信息 [main] org.apache.catalina.core.AprLifecycleListener.lifecycleEvent 在java.library.path:[/Users/yichiban/Library/Java/Extensions:/Library/Java/Extensions:/Network/Library/Java/Extensions:/System/Library/Java/Extensions:/usr/lib/java:.]上找不到基于APR的Apache Tomcat本机库，该库允许在生产环境中获得最佳性能
28-Jan-2021 14:11:55.240 信息 [main] org.apache.coyote.AbstractProtocol.init 初始化协议处理器 ["http-nio-9091"]
28-Jan-2021 14:11:55.253 严重 [main] org.apache.catalina.core.StandardService.initInternal Failed to initialize connector [Connector[HTTP/1.1-9091]]
	org.apache.catalina.LifecycleException: 协议处理程序初始化失败
		at org.apache.catalina.connector.Connector.initInternal(Connector.java:1077)
		at org.apache.catalina.util.LifecycleBase.init(LifecycleBase.java:136)
		at org.apache.catalina.core.StandardService.initInternal(StandardService.java:552)
		at org.apache.catalina.util.LifecycleBase.init(LifecycleBase.java:136)
		at org.apache.catalina.core.StandardServer.initInternal(StandardServer.java:848)
		at org.apache.catalina.util.LifecycleBase.init(LifecycleBase.java:136)
		at org.apache.catalina.startup.Catalina.load(Catalina.java:639)
		at org.apache.catalina.startup.Catalina.load(Catalina.java:662)
		at sun.reflect.NativeMethodAccessorImpl.invoke0(Native Method)
		at sun.reflect.NativeMethodAccessorImpl.invoke(NativeMethodAccessorImpl.java:62)
		at sun.reflect.DelegatingMethodAccessorImpl.invoke(DelegatingMethodAccessorImpl.java:43)
		at java.lang.reflect.Method.invoke(Method.java:498)
		at org.apache.catalina.startup.Bootstrap.load(Bootstrap.java:302)
		at org.apache.catalina.startup.Bootstrap.main(Bootstrap.java:472)
	Caused by: java.net.BindException: Address already in use
		at sun.nio.ch.Net.bind0(Native Method)
		at sun.nio.ch.Net.bind(Net.java:444)
		at sun.nio.ch.Net.bind(Net.java:436)
		at sun.nio.ch.ServerSocketChannelImpl.bind(ServerSocketChannelImpl.java:225)
		at sun.nio.ch.ServerSocketAdaptor.bind(ServerSocketAdaptor.java:74)
		at org.apache.tomcat.util.net.NioEndpoint.bind(NioEndpoint.java:223)
		at org.apache.tomcat.util.net.AbstractEndpoint.init(AbstractEndpoint.java:1118)
		at org.apache.tomcat.util.net.AbstractJsseEndpoint.init(AbstractJsseEndpoint.java:222)
		at org.apache.coyote.AbstractProtocol.init(AbstractProtocol.java:599)
		at org.apache.coyote.http11.AbstractHttp11Protocol.init(AbstractHttp11Protocol.java:80)
		at org.apache.catalina.connector.Connector.initInternal(Connector.java:1075)
		... 13 more
28-Jan-2021 14:11:55.254 信息 [main] org.apache.catalina.startup.Catalina.load Initialization processed in 523 ms
28-Jan-2021 14:11:55.273 信息 [main] org.apache.catalina.core.StandardService.startInternal 正在启动服务[Catalina]
28-Jan-2021 14:11:55.273 信息 [main] org.apache.catalina.core.StandardEngine.startInternal Starting Servlet Engine: Apache Tomcat/8.5.61
28-Jan-2021 14:11:55.280 信息 [localhost-startStop-1] org.apache.catalina.startup.HostConfig.deployDirectory 把web 应用程序部署到目录 [/Users/yichiban/Code/Java/apache-tomcat-8.5.61/webapps/docs]
28-Jan-2021 14:11:55.510 信息 [localhost-startStop-1] org.apache.catalina.startup.HostConfig.deployDirectory Web应用程序目录[/Users/yichiban/Code/Java/apache-tomcat-8.5.61/webapps/docs]的部署已在[226]毫秒内完成
28-Jan-2021 14:11:55.510 信息 [localhost-startStop-1] org.apache.catalina.startup.HostConfig.deployDirectory 把web 应用程序部署到目录 [/Users/yichiban/Code/Java/apache-tomcat-8.5.61/webapps/manager]
28-Jan-2021 14:11:55.542 信息 [localhost-startStop-1] org.apache.catalina.startup.HostConfig.deployDirectory Web应用程序目录[/Users/yichiban/Code/Java/apache-tomcat-8.5.61/webapps/manager]的部署已在[32]毫秒内完成
28-Jan-2021 14:11:55.542 信息 [localhost-startStop-1] org.apache.catalina.startup.HostConfig.deployDirectory 把web 应用程序部署到目录 [/Users/yichiban/Code/Java/apache-tomcat-8.5.61/webapps/examples]
28-Jan-2021 14:11:55.785 信息 [localhost-startStop-1] org.apache.catalina.startup.HostConfig.deployDirectory Web应用程序目录[/Users/yichiban/Code/Java/apache-tomcat-8.5.61/webapps/examples]的部署已在[243]毫秒内完成
28-Jan-2021 14:11:55.786 信息 [localhost-startStop-1] org.apache.catalina.startup.HostConfig.deployDirectory 把web 应用程序部署到目录 [/Users/yichiban/Code/Java/apache-tomcat-8.5.61/webapps/ROOT]
28-Jan-2021 14:11:55.811 信息 [localhost-startStop-1] org.apache.catalina.startup.HostConfig.deployDirectory Web应用程序目录[/Users/yichiban/Code/Java/apache-tomcat-8.5.61/webapps/ROOT]的部署已在[25]毫秒内完成
28-Jan-2021 14:11:55.818 信息 [localhost-startStop-1] org.apache.catalina.startup.HostConfig.deployDirectory 把web 应用程序部署到目录 [/Users/yichiban/Code/Java/apache-tomcat-8.5.61/webapps/host-manager]
28-Jan-2021 14:11:55.843 信息 [localhost-startStop-1] org.apache.catalina.startup.HostConfig.deployDirectory Web应用程序目录[/Users/yichiban/Code/Java/apache-tomcat-8.5.61/webapps/host-manager]的部署已在[25]毫秒内完成
28-Jan-2021 14:11:55.854 信息 [main] org.apache.catalina.startup.Catalina.start Server startup in 599 ms
28-Jan-2021 14:11:55.857 严重 [main] org.apache.catalina.core.StandardServer.await StandardServer.await: create[localhost:8005]: 
	java.net.BindException: Address already in use (Bind failed)
		at java.net.PlainSocketImpl.socketBind(Native Method)
		at java.net.AbstractPlainSocketImpl.bind(AbstractPlainSocketImpl.java:513)
		at java.net.ServerSocket.bind(ServerSocket.java:375)
		at java.net.ServerSocket.<init>(ServerSocket.java:237)
		at org.apache.catalina.core.StandardServer.await(StandardServer.java:421)
		at org.apache.catalina.startup.Catalina.await(Catalina.java:776)
		at org.apache.catalina.startup.Catalina.start(Catalina.java:722)
		at sun.reflect.NativeMethodAccessorImpl.invoke0(Native Method)
		at sun.reflect.NativeMethodAccessorImpl.invoke(NativeMethodAccessorImpl.java:62)
		at sun.reflect.DelegatingMethodAccessorImpl.invoke(DelegatingMethodAccessorImpl.java:43)
		at java.lang.reflect.Method.invoke(Method.java:498)
		at org.apache.catalina.startup.Bootstrap.start(Bootstrap.java:342)
		at org.apache.catalina.startup.Bootstrap.main(Bootstrap.java:473)
28-Jan-2021 14:11:55.858 信息 [main] org.apache.coyote.AbstractProtocol.pause 暂停ProtocolHandler["http-nio-9091"]
28-Jan-2021 14:11:55.858 信息 [main] org.apache.catalina.core.StandardService.stopInternal 正在停止服务[Catalina]
28-Jan-2021 14:11:55.877 信息 [main] org.apache.coyote.AbstractProtocol.stop 正在停止ProtocolHandler ["http-nio-9091"]
28-Jan-2021 14:11:55.878 信息 [main] org.apache.coyote.AbstractProtocol.destroy 正在摧毁协议处理器 ["http-nio-9091"]
28-Jan-2021 14:11:56.093 信息 [main] org.apache.catalina.startup.VersionLoggerListener.log Server.服务器版本: Apache Tomcat/8.5.61
28-Jan-2021 14:11:56.096 信息 [main] org.apache.catalina.startup.VersionLoggerListener.log 服务器构建:        Dec 3 2020 14:03:28 UTC
28-Jan-2021 14:11:56.096 信息 [main] org.apache.catalina.startup.VersionLoggerListener.log 服务器版本号:      8.5.61.0
28-Jan-2021 14:11:56.096 信息 [main] org.apache.catalina.startup.VersionLoggerListener.log 操作系统名称:      Mac OS X
28-Jan-2021 14:11:56.096 信息 [main] org.apache.catalina.startup.VersionLoggerListener.log OS.版本:           10.15.7
28-Jan-2021 14:11:56.096 信息 [main] org.apache.catalina.startup.VersionLoggerListener.log 架构:              x86_64
28-Jan-2021 14:11:56.096 信息 [main] org.apache.catalina.startup.VersionLoggerListener.log Java 环境变量:     /Library/Java/JavaVirtualMachines/jdk1.8.0_261.jdk/Contents/Home/jre
28-Jan-2021 14:11:56.096 信息 [main] org.apache.catalina.startup.VersionLoggerListener.log Java虚拟机版本:    1.8.0_261-b12
28-Jan-2021 14:11:56.099 信息 [main] org.apache.catalina.startup.VersionLoggerListener.log JVM.供应商:        Oracle Corporation
28-Jan-2021 14:11:56.099 信息 [main] org.apache.catalina.startup.VersionLoggerListener.log CATALINA_BASE:     /Users/yichiban/Code/Java/apache-tomcat-8.5.61
28-Jan-2021 14:11:56.099 信息 [main] org.apache.catalina.startup.VersionLoggerListener.log CATALINA_HOME:     /Users/yichiban/Code/Java/apache-tomcat-8.5.61
28-Jan-2021 14:11:56.099 信息 [main] org.apache.catalina.startup.VersionLoggerListener.log 命令行参数：       -Djava.util.logging.config.file=/Users/yichiban/Code/Java/apache-tomcat-8.5.61/conf/logging.properties
28-Jan-2021 14:11:56.100 信息 [main] org.apache.catalina.startup.VersionLoggerListener.log 命令行参数：       -Djava.util.logging.manager=org.apache.juli.ClassLoaderLogManager
28-Jan-2021 14:11:56.100 信息 [main] org.apache.catalina.startup.VersionLoggerListener.log 命令行参数：       -Djdk.tls.ephemeralDHKeySize=2048
28-Jan-2021 14:11:56.100 信息 [main] org.apache.catalina.startup.VersionLoggerListener.log 命令行参数：       -Djava.protocol.handler.pkgs=org.apache.catalina.webresources
28-Jan-2021 14:11:56.100 信息 [main] org.apache.catalina.startup.VersionLoggerListener.log 命令行参数：       -Dorg.apache.catalina.security.SecurityListener.UMASK=0027
28-Jan-2021 14:11:56.100 信息 [main] org.apache.catalina.startup.VersionLoggerListener.log 命令行参数：       -Dignore.endorsed.dirs=
28-Jan-2021 14:11:56.101 信息 [main] org.apache.catalina.startup.VersionLoggerListener.log 命令行参数：       -Dcatalina.base=/Users/yichiban/Code/Java/apache-tomcat-8.5.61
28-Jan-2021 14:11:56.101 信息 [main] org.apache.catalina.startup.VersionLoggerListener.log 命令行参数：       -Dcatalina.home=/Users/yichiban/Code/Java/apache-tomcat-8.5.61
28-Jan-2021 14:11:56.101 信息 [main] org.apache.catalina.startup.VersionLoggerListener.log 命令行参数：       -Djava.io.tmpdir=/Users/yichiban/Code/Java/apache-tomcat-8.5.61/temp
28-Jan-2021 14:11:56.101 信息 [main] org.apache.catalina.core.AprLifecycleListener.lifecycleEvent 在java.library.path:[/Users/yichiban/Library/Java/Extensions:/Library/Java/Extensions:/Network/Library/Java/Extensions:/System/Library/Java/Extensions:/usr/lib/java:.]上找不到基于APR的Apache Tomcat本机库，该库允许在生产环境中获得最佳性能
28-Jan-2021 14:11:56.256 信息 [main] org.apache.coyote.AbstractProtocol.init 初始化协议处理器 ["http-nio-9091"]
28-Jan-2021 14:11:56.292 严重 [main] org.apache.catalina.core.StandardService.initInternal Failed to initialize connector [Connector[HTTP/1.1-9091]]
	org.apache.catalina.LifecycleException: 协议处理程序初始化失败
		at org.apache.catalina.connector.Connector.initInternal(Connector.java:1077)
		at org.apache.catalina.util.LifecycleBase.init(LifecycleBase.java:136)
		at org.apache.catalina.core.StandardService.initInternal(StandardService.java:552)
		at org.apache.catalina.util.LifecycleBase.init(LifecycleBase.java:136)
		at org.apache.catalina.core.StandardServer.initInternal(StandardServer.java:848)
		at org.apache.catalina.util.LifecycleBase.init(LifecycleBase.java:136)
		at org.apache.catalina.startup.Catalina.load(Catalina.java:639)
		at org.apache.catalina.startup.Catalina.load(Catalina.java:662)
		at sun.reflect.NativeMethodAccessorImpl.invoke0(Native Method)
		at sun.reflect.NativeMethodAccessorImpl.invoke(NativeMethodAccessorImpl.java:62)
		at sun.reflect.DelegatingMethodAccessorImpl.invoke(DelegatingMethodAccessorImpl.java:43)
		at java.lang.reflect.Method.invoke(Method.java:498)
		at org.apache.catalina.startup.Bootstrap.load(Bootstrap.java:302)
		at org.apache.catalina.startup.Bootstrap.main(Bootstrap.java:472)
	Caused by: java.net.BindException: Address already in use
		at sun.nio.ch.Net.bind0(Native Method)
		at sun.nio.ch.Net.bind(Net.java:444)
		at sun.nio.ch.Net.bind(Net.java:436)
		at sun.nio.ch.ServerSocketChannelImpl.bind(ServerSocketChannelImpl.java:225)
		at sun.nio.ch.ServerSocketAdaptor.bind(ServerSocketAdaptor.java:74)
		at org.apache.tomcat.util.net.NioEndpoint.bind(NioEndpoint.java:223)
		at org.apache.tomcat.util.net.AbstractEndpoint.init(AbstractEndpoint.java:1118)
		at org.apache.tomcat.util.net.AbstractJsseEndpoint.init(AbstractJsseEndpoint.java:222)
		at org.apache.coyote.AbstractProtocol.init(AbstractProtocol.java:599)
		at org.apache.coyote.http11.AbstractHttp11Protocol.init(AbstractHttp11Protocol.java:80)
		at org.apache.catalina.connector.Connector.initInternal(Connector.java:1075)
		... 13 more
28-Jan-2021 14:11:56.293 信息 [main] org.apache.catalina.startup.Catalina.load Initialization processed in 731 ms
28-Jan-2021 14:11:56.333 信息 [main] org.apache.catalina.core.StandardService.startInternal 正在启动服务[Catalina]
28-Jan-2021 14:11:56.334 信息 [main] org.apache.catalina.core.StandardEngine.startInternal Starting Servlet Engine: Apache Tomcat/8.5.61
28-Jan-2021 14:11:56.340 信息 [localhost-startStop-1] org.apache.catalina.startup.HostConfig.deployDirectory 把web 应用程序部署到目录 [/Users/yichiban/Code/Java/apache-tomcat-8.5.61/webapps/docs]
28-Jan-2021 14:11:56.540 信息 [localhost-startStop-1] org.apache.catalina.startup.HostConfig.deployDirectory Web应用程序目录[/Users/yichiban/Code/Java/apache-tomcat-8.5.61/webapps/docs]的部署已在[197]毫秒内完成
28-Jan-2021 14:11:56.540 信息 [localhost-startStop-1] org.apache.catalina.startup.HostConfig.deployDirectory 把web 应用程序部署到目录 [/Users/yichiban/Code/Java/apache-tomcat-8.5.61/webapps/manager]
28-Jan-2021 14:11:56.570 信息 [localhost-startStop-1] org.apache.catalina.startup.HostConfig.deployDirectory Web应用程序目录[/Users/yichiban/Code/Java/apache-tomcat-8.5.61/webapps/manager]的部署已在[30]毫秒内完成
28-Jan-2021 14:11:56.571 信息 [localhost-startStop-1] org.apache.catalina.startup.HostConfig.deployDirectory 把web 应用程序部署到目录 [/Users/yichiban/Code/Java/apache-tomcat-8.5.61/webapps/examples]
28-Jan-2021 14:11:56.789 信息 [localhost-startStop-1] org.apache.catalina.startup.HostConfig.deployDirectory Web应用程序目录[/Users/yichiban/Code/Java/apache-tomcat-8.5.61/webapps/examples]的部署已在[219]毫秒内完成
28-Jan-2021 14:11:56.789 信息 [localhost-startStop-1] org.apache.catalina.startup.HostConfig.deployDirectory 把web 应用程序部署到目录 [/Users/yichiban/Code/Java/apache-tomcat-8.5.61/webapps/ROOT]
28-Jan-2021 14:11:56.801 信息 [localhost-startStop-1] org.apache.catalina.startup.HostConfig.deployDirectory Web应用程序目录[/Users/yichiban/Code/Java/apache-tomcat-8.5.61/webapps/ROOT]的部署已在[11]毫秒内完成
28-Jan-2021 14:11:56.801 信息 [localhost-startStop-1] org.apache.catalina.startup.HostConfig.deployDirectory 把web 应用程序部署到目录 [/Users/yichiban/Code/Java/apache-tomcat-8.5.61/webapps/host-manager]
28-Jan-2021 14:11:56.815 信息 [localhost-startStop-1] org.apache.catalina.startup.HostConfig.deployDirectory Web应用程序目录[/Users/yichiban/Code/Java/apache-tomcat-8.5.61/webapps/host-manager]的部署已在[14]毫秒内完成
28-Jan-2021 14:11:56.817 信息 [main] org.apache.catalina.startup.Catalina.start Server startup in 523 ms
28-Jan-2021 14:11:56.820 严重 [main] org.apache.catalina.core.StandardServer.await StandardServer.await: create[localhost:8005]: 
	java.net.BindException: Address already in use (Bind failed)
		at java.net.PlainSocketImpl.socketBind(Native Method)
		at java.net.AbstractPlainSocketImpl.bind(AbstractPlainSocketImpl.java:513)
		at java.net.ServerSocket.bind(ServerSocket.java:375)
		at java.net.ServerSocket.<init>(ServerSocket.java:237)
		at org.apache.catalina.core.StandardServer.await(StandardServer.java:421)
		at org.apache.catalina.startup.Catalina.await(Catalina.java:776)
		at org.apache.catalina.startup.Catalina.start(Catalina.java:722)
		at sun.reflect.NativeMethodAccessorImpl.invoke0(Native Method)
		at sun.reflect.NativeMethodAccessorImpl.invoke(NativeMethodAccessorImpl.java:62)
		at sun.reflect.DelegatingMethodAccessorImpl.invoke(DelegatingMethodAccessorImpl.java:43)
		at java.lang.reflect.Method.invoke(Method.java:498)
		at org.apache.catalina.startup.Bootstrap.start(Bootstrap.java:342)
		at org.apache.catalina.startup.Bootstrap.main(Bootstrap.java:473)
28-Jan-2021 14:11:56.821 信息 [main] org.apache.coyote.AbstractProtocol.pause 暂停ProtocolHandler["http-nio-9091"]
28-Jan-2021 14:11:56.821 信息 [main] org.apache.catalina.core.StandardService.stopInternal 正在停止服务[Catalina]
28-Jan-2021 14:11:56.835 信息 [main] org.apache.coyote.AbstractProtocol.stop 正在停止ProtocolHandler ["http-nio-9091"]
28-Jan-2021 14:11:56.836 信息 [main] org.apache.coyote.AbstractProtocol.destroy 正在摧毁协议处理器 ["http-nio-9091"]
28-Jan-2021 14:12:53.533 警告 [main] org.apache.catalina.core.StandardServer.await 收到无效的关闭命令[]
